 0, 25.000 
 0, 62.500
 0, 18.750
 0, 43.750
 0, 50.000
 0, 25.000
 1,  50.000 
 1,  68.750 
 1,  31.250 
 1,  50.000 
 1,  43.750 
 1,  37.500 
 2,  62.500 
 2,  25.000 
 2,  43.750 
 2,  37.500 
 2,  37.500 
 2,  56.250 
 3,  31.250 
 3,  43.750 
 3,  50.000 
 3,  31.250 
 3,  68.750 
 3,  31.250 
 4,  43.750 
 4,  43.750 
 4,  18.750 
 4,  62.500 
 4,  31.250 
 4,  62.500 
 5,  37.500 
 5,  43.750 
 5,  37.500 
 5,  25.000 
 5,  43.750 
 5,  43.750 
 6,  18.750 
 6,  37.500 
 6,  37.500 
 6,  37.500 
 6,  56.250 
 6,  68.750 
 7,  37.500 
 7,  31.250 
 7,  56.250 
 7,  50.000 
 7,  62.500 
 7,  43.750 
 8,  12.500 
 8,  18.750 
 8,  31.250 
 8,  43.750 
 8,  31.250 
 8,  62.500 
 9,  50.000 
 9,  50.000 
 9,  31.250 
 9,  50.000 
 9,  68.750 
 9,  31.250 
 10,  50.000 
 10,  31.250 
 10,  25.000 
 10,  56.250 
 10,  37.500 
 10,  31.250 
 11,  50.000 
 11,  43.750 
 11,  56.250 
 11,  37.500 
 11,  50.000 
 11,  50.000 
 12,  68.750 
 12,  25.000 
 12,  50.000 
 12,  50.000 
 12,  68.750 
 12,  50.000 
 13,  43.750 
 13,  62.500 
 13,  37.500 
 13,  25.000 
 13,  43.750 
 13,  68.750 
 14,  43.750 
 14,  68.750 
 14,  50.000 
 14,  68.750 
 14,  18.750 
 14,  31.250 
 15,  43.750 
 15,  37.500 
 15,  50.000 
 15,  62.500 
 15,  50.000 
 15,  50.000 
 16,  56.250 
 16,  50.000 
 16,  43.750 
 16,  43.750 
 16,  37.500 
 16,  81.250 
 17,  75.000 
 17,  62.500 
 17,  50.000 
 17,  43.750 
 17,  68.750 
 17,  25.000 
 18,  62.500 
 18,  62.500 
 18,  50.000 
 18,  43.750 
 18,  37.500 
 18,  62.500 
 19,  37.500 
 19,  56.250 
 19,  43.750 
 19,  68.750 
 19,  68.750 
 19,  62.500 
 20,  43.750 
 20,  50.000 
 20,  56.250 
 20,  50.000 
 20,  37.500 
 20,  56.250 
 21,  62.500 
 21,  43.750 
 21,  50.000 
 21,  62.500 
 21,  75.000 
 21,  25.000 
 22,  37.500 
 22,  18.750 
 22,  62.500 
 22,  68.750 
 22,  37.500 
 22,  56.250 
 23,  62.500 
 23,  56.250 
 23,  56.250 
 23,  50.000 
 23,  43.750 
 23,  56.250 
 24,  68.750 
 24,  43.750 
 24,  50.000 
 24,  68.750 
 24,  62.500 
 24,  75.000 
 25,  62.500 
 25,  68.750 
 25,  68.750 
 25,  50.000 
 25,  56.250 
 25,  37.500 
 26,  56.250 
 26,  50.000 
 26,  68.750 
 26,  25.000 
 26,  50.000 
 26,  56.250 
 27,  31.250 
 27,  56.250 
 27,  56.250 
 27,  56.250 
 27,  56.250 
 27,  75.000 
 28,  31.250 
 28,  50.000 
 28,  56.250 
 28,  68.750 
 28,  56.250 
 28,  68.750 
 29,  50.000 
 29,  43.750 
 29,  56.250 
 29,  62.500 
 29,  62.500 
 29,  50.000 
 30,  43.750 
 30,  43.750 
 30,  68.750 
 30,  62.500 
 30,  56.250 
 30,  68.750 
 31,  81.250 
 31,  50.000 
 31,  68.750 
 31,  37.500 
 31,  37.500 
 31,  75.000 
 32,  62.500 
 32,  43.750 
 32,  37.500 
 32,  62.500 
 32,  43.750 
 32,  62.500 
 33,  62.500 
 33,  56.250 
 33,  81.250 
 33,  56.250 
 33,  75.000 
 33,  50.000 
 34,  56.250 
 34,  37.500 
 34,  68.750 
 34,  50.000 
 34,  43.750 
 34,  56.250 
 35,  50.000 
 35,  62.500 
 35,  50.000 
 35,  62.500 
 35,  68.750 
 35,  56.250 
 36,  37.500 
 36,  56.250 
 36,  56.250 
 36,  62.500 
 36,  62.500 
 36,  37.500 
 37,  68.750 
 37,  62.500 
 37,  68.750 
 37,  68.750 
 37,  50.000 
 37,  56.250 
 38,  50.000 
 38,  68.750 
 38,  37.500 
 38,  56.250 
 38,  75.000 
 38,  62.500 
 39,  56.250 
 39,  68.750 
 39,  56.250 
 39,  62.500 
 39,  56.250 
 39,  56.250 
 40,  56.250 
 40,  56.250 
 40,  56.250 
 40,  43.750 
 40,  37.500 
 40,  56.250 
 41,  62.500 
 41,  56.250 
 41,  37.500 
 41,  50.000 
 41,  50.000 
 41,  56.250 
 42,  37.500 
 42,  56.250 
 42,  75.000 
 42,  56.250 
 42,  31.250 
 42,  37.500 
 43,  62.500 
 43,  68.750 
 43,  68.750 
 43,  75.000 
 43,  37.500 
 43,  37.500 
 44,  56.250 
 44,  43.750 
 44,  68.750 
 44,  75.000 
 44,  62.500 
 44,  50.000 
 45,  68.750 
 45,  68.750 
 45,  81.250 
 45,  68.750 
 45,  68.750 
 45,  37.500 
 46,  68.750 
 46,  56.250 
 46,  75.000 
 46,  87.500 
 46,  50.000 
 46,  56.250 
 47,  50.000 
 47,  37.500 
 47,  50.000 
 47,  75.000 
 47,  62.500 
 47,  43.750 
 48,  56.250 
 48,  87.500 
 48,  68.750 
 48,  68.750 
 48,  87.500 
 48,  68.750 
 49,  68.750 
 49,  43.750 
 49,  93.750 
 49,  87.500 
 49,  62.500 
 49,  56.250 
 50,  81.250 
 50,  56.250 
 50,  68.750 
 50,  68.750 
 50,  50.000 
 50,  62.500 
 51,  81.250 
 51,  87.500 
 51,  56.250 
 51,  56.250 
 51,  68.750 
 51,  75.000 
 52,  68.750 
 52,  68.750 
 52,  62.500 
 52,  56.250 
 52,  62.500 
 52,  62.500 
 53,  75.000 
 53,  81.250 
 53,  43.750 
 53,  56.250 
 53,  68.750 
 53,  43.750 
 54,  62.500 
 54,  75.000 
 54,  56.250 
 54,  68.750 
 54,  68.750 
 54,  56.250 
 55,  43.750 
 55,  81.250 
 55,  87.500 
 55,  50.000 
 55,  62.500 
 55,  62.500 
 56,  68.750 
 56,  62.500 
 56,  56.250 
 56,  68.750 
 56,  62.500 
 56,  68.750 
 57,  50.000 
 57,  75.000 
 57,  81.250 
 57,  56.250 
 57,  68.750 
 57,  56.250 
 58,  56.250 
 58,  56.250 
 58,  56.250 
 58,  75.000 
 58,  68.750 
 58,  81.250 
 59,  68.750 
 59,  31.250 
 59,  62.500 
 59,  68.750 
 59,  75.000 
 59,  81.250 
 60,  62.500 
 60,  43.750 
 60,  56.250 
 60,  50.000 
 60,  56.250 
 60,  56.250 
 61,  68.750 
 61,  62.500 
 61,  37.500 
 61,  62.500 
 61,  75.000 
 61,  62.500 
 62,  68.750 
 62,  87.500 
 62,  81.250 
 62,  56.250 
 62,  50.000 
 62,  87.500 
 63,  56.250 
 63,  43.750 
 63,  87.500 
 63,  56.250 
 63,  68.750 
 63,  62.500 
 64,  68.750 
 64,  68.750 
 64,  62.500 
 64,  75.000 
 64,  37.500 
 64,  75.000 
 65,  75.000 
 65,  62.500 
 65,  62.500 
 65,  81.250 
 65,  87.500 
 65,  87.500 
 66,  68.750 
 66,  75.000 
 66,  37.500 
 66,  68.750 
 66,  62.500 
 66,  68.750 
 67,  62.500 
 67,  75.000 
 67,  68.750 
 67,  43.750 
 67,  50.000 
 67,  81.250 
 68,  75.000 
 68,  75.000 
 68,  56.250 
 68,  62.500 
 68,  75.000 
 68,  68.750 
 69,  93.750 
 69,  81.250 
 69,  50.000 
 69,  68.750 
 69,  81.250 
 69,  43.750 
 70,  56.250 
 70,  56.250 
 70,  68.750 
 70,  68.750 
 70,  75.000 
 70,  81.250 
 71,  62.500 
 71,  56.250 
 71,  56.250 
 71,  75.000 
 71,  87.500 
 71,  75.000 
 72,  62.500 
 72,  75.000 
 72,  68.750 
 72,  75.000 
 72,  68.750 
 72,  75.000 
 73,  50.000 
 73,  56.250 
 73,  62.500 
 73,  81.250 
 73,  56.250 
 73,  68.750 
 74,  56.250 
 74,  75.000 
 74,  62.500 
 74,  50.000 
 74,  87.500 
 74,  87.500 
 75,  87.500 
 75,  75.000 
 75,  81.250 
 75,  75.000 
 75,  81.250 
 75,  75.000 
 76,  62.500 
 76,  56.250 
 76,  68.750 
 76,  75.000 
 76,  87.500 
 76,  50.000 
 77,  75.000 
 77,  68.750 
 77,  93.750 
 77,  75.000 
 77,  56.250 
 77,  75.000 
 78,  68.750 
 78,  62.500 
 78,  68.750 
 78,  68.750 
 78,  68.750 
 78,  43.750 
 79,  75.000 
 79,  68.750 
 79,  87.500 
 79,  87.500 
 79,  75.000 
 79,  62.500 
 80,  81.250 
 80,  68.750 
 80,  75.000 
 80,  81.250 
 80,  75.000 
 80,  75.000 
 81,  62.500 
 81,  62.500 
 81,  75.000 
 81,  81.250 
 81,  87.500 
 81,  75.000 
 82,  93.750 
 82,  62.500 
 82,  50.000 
 82,  50.000 
 82,  75.000 
 82,  62.500 
 83,  75.000 
 83,  93.750 
 83,  81.250 
 83,  93.750 
 83,  75.000 
 83,  81.250 
 84,  75.000 
 84,  68.750 
 84,  43.750 
 84,  75.000 
 84,  75.000 
 84,  81.250 
 85,  93.750 
 85,  81.250 
 85,  62.500 
 85,  68.750 
 85,  68.750 
 85,  93.750 
 86,  93.750 
 86,  87.500 
 86,  81.250 
 86,  81.250 
 86,  75.000 
 86,  75.000 
 87,  75.000 
 87,  75.000 
 87,  56.250 
 87,  93.750 
 87,  87.500 
 87,  75.000 
 88,  81.250 
 88,  62.500 
 88,  81.250 
 88,  81.250 
 88,  87.500 
 88,  68.750 
 89,  75.000 
 89,  56.250 
 89,  68.750 
 89,  68.750 
 89,  93.750 
 89,  81.250 
 90,  75.000 
 90,  81.250 
 90,  62.500 
 90,  81.250 
 90,  81.250 
 90,  100.000 
 91,  75.000 
 91,  87.500 
 91,  81.250 
 91,  68.750 
 91,  81.250 
 91,  87.500 
 92,  87.500 
 92,  87.500 
 92,  87.500 
 92,  100.000 
 92,  75.000 
 92,  93.750 
 93,  93.750 
 93,  87.500 
 93,  81.250 
 93,  93.750 
 93,  81.250 
 93,  81.250 
 94,  81.250 
 94,  75.000 
 94,  93.750 
 94,  93.750 
 94,  87.500 
 94,  87.500 
 95,  93.750 
 95,  87.500 
 95,  75.000 
 95,  87.500 
 95,  93.750 
 95,  87.500 
 96,  87.500 
 96,  75.000 
 96,  81.250 
 96,  68.750 
 96,  68.750 
 96,  75.000 
 97,  87.500 
 97,  75.000 
 97,  81.250 
 97,  81.250 
 97,  75.000 
 97,  87.500 
 98,  93.750 
 98,  93.750 
 98,  100.000 
 98,  87.500 
 98,  75.000 
 98,  68.750 
 99,  75.000 
 99,  93.750 
 99,  81.250 
 99,  87.500 
 99,  93.750 
 99,  100.000 
 100,  93.750 
 100,  87.500 
 100,  81.250 
 100,  56.250 
 100,  93.750 
 100,  87.500 
 101,  87.500 
 101,  93.750 
 101,  93.750 
 101,  87.500 
 101,  81.250 
 101,  93.750 
 102,  75.000 
 102,  75.000 
 102,  93.750 
 102,  81.250 
 102,  87.500 
 102,  93.750 
 103,  87.500 
 103,  87.500 
 103,  93.750 
 103,  93.750 
 103,  81.250 
 103,  87.500 
 104,  68.750 
 104,  100.000 
 104,  87.500 
 104,  81.250 
 104,  75.000 
 104,  87.500 
 105,  93.750 
 105,  87.500 
 105,  93.750 
 105,  81.250 
 105,  87.500 
 105,  93.750 
 106,  93.750 
 106,  87.500 
 106,  68.750 
 106,  87.500 
 106,  68.750 
 106,  81.250 
 107,  81.250 
 107,  100.000 
 107,  93.750 
 107,  81.250 
 107,  81.250 
 107,  81.250 
 108,  81.250 
 108,  87.500 
 108,  81.250 
 108,  75.000 
 108,  100.000 
 108,  100.000 
 109,  68.750 
 109,  100.000 
 109,  87.500 
 109,  93.750 
 109,  93.750 
 109,  87.500 
 110,  100.000 
 110,  87.500 
 110,  81.250 
 110,  81.250 
 110,  87.500 
 110,  93.750 
 111,  87.500 
 111,  100.000 
 111,  75.000 
 111,  87.500 
 111,  93.750 
 111,  100.000 
 112,  68.750 
 112,  87.500 
 112,  100.000 
 112,  81.250 
 112,  87.500 
 112,  75.000 
 113,  93.750 
 113,  100.000 
 113,  87.500 
 113,  93.750 
 113,  93.750 
 113,  81.250 
 114,  93.750 
 114,  87.500 
 114,  87.500 
 114,  87.500 
 114,  75.000 
 114,  81.250 
 115,  81.250 
 115,  81.250 
 115,  81.250 
 115,  100.000 
 115,  100.000 
 115,  93.750 
 116,  81.250 
 116,  68.750 
 116,  81.250 
 116,  68.750 
 116,  81.250 
 116,  87.500 
 117,  93.750 
 117,  87.500 
 117,  100.000 
 117,  87.500 
 117,  93.750 
 117,  81.250 
 118,  93.750 
 118,  100.000 
 118,  87.500 
 118,  93.750 
 118,  68.750 
 118,  93.750 
 119,  87.500 
 119,  93.750 
 119,  81.250 
 119,  75.000 
 119,  93.750 
 119,  87.500 
 120,  81.250 
 120,  93.750 
 120,  100.000 
 120,  93.750 
 120,  81.250 
 120,  100.000 
 121,  75.000 
 121,  93.750 
 121,  81.250 
 121,  93.750 
 121,  93.750 
 121,  87.500 
 122,  93.750 
 122,  100.000 
 122,  81.250 
 122,  87.500 
 122,  93.750 
 122,  100.000 
 123,  93.750 
 123,  100.000 
 123,  100.000 
 123,  87.500 
 123,  87.500 
 123,  87.500 
 124,  93.750 
 124,  87.500 
 124,  100.000 
 124,  81.250 
 124,  93.750 
 124,  93.750 
 125,  93.750 
 125,  81.250 
 125,  100.000 
 125,  87.500 
 125,  93.750 
 125,  100.000 
 126,  93.750 
 126,  81.250 
 126,  100.000 
 126,  93.750 
 126,  75.000 
 126,  100.000 
 127,  100.000 
 127,  81.250 
 127,  93.750 
 127,  87.500 
 127,  100.000 
 127,  93.750 
 128,  93.750 
 128,  93.750 
 128,  93.750 
 128,  75.000 
 128,  87.500 
 128,  93.750 
 129,  93.750 
 129,  87.500 
 129,  87.500 
 129,  93.750 
 129,  93.750 
 129,  75.000 
 130,  81.250 
 130,  100.000 
 130,  93.750 
 130,  87.500 
 130,  87.500 
 130,  93.750 
 131,  87.500 
 131,  93.750 
 131,  81.250 
 131,  93.750 
 131,  93.750 
 131,  100.000 
 132,  87.500 
 132,  87.500 
 132,  87.500 
 132,  100.000 
 132,  75.000 
 132,  100.000 
 133,  93.750 
 133,  87.500 
 133,  100.000 
 133,  87.500 
 133,  87.500 
 133,  93.750 
 134,  93.750 
 134,  81.250 
 134,  93.750 
 134,  93.750 
 134,  87.500 
 134,  93.750 
 135,  81.250 
 135,  93.750 
 135,  100.000 
 135,  93.750 
 135,  93.750 
 135,  81.250 
 136,  87.500 
 136,  100.000 
 136,  87.500 
 136,  81.250 
 136,  100.000 
 136,  93.750 
 137,  93.750 
 137,  100.000 
 137,  87.500 
 137,  100.000 
 137,  81.250 
 137,  100.000 
 138,  87.500 
 138,  93.750 
 138,  93.750 
 138,  87.500 
 138,  75.000 
 138,  87.500 
 139,  100.000 
 139,  87.500 
 139,  100.000 
 139,  87.500 
 139,  100.000 
 139,  87.500 
 140,  93.750 
 140,  87.500 
 140,  93.750 
 140,  87.500 
 140,  93.750 
 140,  93.750 
 141,  87.500 
 141,  81.250 
 141,  87.500 
 141,  75.000 
 141,  87.500 
 141,  93.750 
 142,  93.750 
 142,  93.750 
 142,  100.000 
 142,  93.750 
 142,  87.500 
 142,  93.750 
 143,  100.000 
 143,  81.250 
 143,  87.500 
 143,  75.000 
 143,  81.250 
 143,  81.250 
 144,  87.500 
 144,  100.000 
 144,  100.000 
 144,  93.750 
 144,  87.500 
 144,  100.000 
 145,  87.500 
 145,  100.000 
 145,  81.250 
 145,  81.250 
 145,  93.750 
 145,  93.750 
 146,  93.750 
 146,  93.750 
 146,  100.000 
 146,  87.500 
 146,  93.750 
 146,  93.750 
 147,  93.750 
 147,  93.750 
 147,  93.750 
 147,  93.750 
 147,  81.250 
 147,  93.750 
 148,  87.500 
 148,  100.000 
 148,  100.000 
 148,  93.750 
 148,  93.750 
 148,  93.750 
 149,  87.500 
 149,  62.500 
 149,  93.750 
 149,  93.750 
 149,  87.500 
 149,  87.500 
 150,  100.000 
 150,  100.000 
 150,  75.000 
 150,  93.750 
 150,  93.750 
 150,  93.750 
 151,  100.000 
 151,  100.000 
 151,  93.750 
 151,  81.250 
 151,  81.250 
 151,  100.000 
 152,  81.250 
 152,  100.000 
 152,  93.750 
 152,  100.000 
 152,  87.500 
 152,  87.500 
 153,  87.500 
 153,  87.500 
 153,  81.250 
 153,  93.750 
 153,  100.000 
 153,  75.000 
 154,  87.500 
 154,  100.000 
 154,  93.750 
 154,  100.000 
 154,  93.750 
 154,  100.000 
 155,  81.250 
 155,  100.000 
 155,  87.500 
 155,  87.500 
 155,  93.750 
 155,  87.500 
 156,  81.250 
 156,  100.000 
 156,  87.500 
 156,  93.750 
 156,  75.000 
 156,  87.500 
 157,  87.500 
 157,  81.250 
 157,  93.750 
 157,  100.000 
 157,  87.500 
 157,  100.000 
 158,  87.500 
 158,  81.250 
 158,  81.250 
 158,  93.750 
 158,  87.500 
 158,  75.000 
 159,  93.750 
 159,  100.000 
 159,  93.750 
 159,  100.000 
 159,  93.750 
 159,  87.500 
 160,  100.000 
 160,  87.500 
 160,  87.500 
 160,  87.500 
 160,  100.000 
 160,  100.000 
 161,  100.000 
 161,  100.000 
 161,  100.000 
 161,  75.000 
 161,  75.000 
 161,  87.500 
 162,  93.750 
 162,  100.000 
 162,  100.000 
 162,  93.750 
 162,  100.000 
 162,  93.750 
 163,  87.500 
 163,  100.000 
 163,  81.250 
 163,  81.250 
 163,  93.750 
 163,  100.000 
 164,  93.750 
 164,  81.250 
 164,  100.000 
 164,  93.750 
 164,  75.000 
 164,  100.000 
 165,  100.000 
 165,  100.000 
 165,  93.750 
 165,  93.750 
 165,  87.500 
 165,  81.250 
 166,  93.750 
 166,  100.000 
 166,  93.750 
 166,  93.750 
 166,  100.000 
 166,  81.250 
 167,  81.250 
 167,  100.000 
 167,  81.250 
 167,  93.750 
 167,  93.750 
 167,  81.250 
 168,  93.750 
 168,  93.750 
 168,  87.500 
 168,  100.000 
 168,  93.750 
 168,  75.000 
 169,  100.000 
 169,  87.500 
 169,  75.000 
 169,  100.000 
 169,  93.750 
 169,  87.500 
 170,  87.500 
 170,  100.000 
 170,  87.500 
 170,  87.500 
 170,  93.750 
 170,  87.500 
 171,  68.750 
 171,  87.500 
 171,  100.000 
 171,  100.000 
 171,  81.250 
 171,  100.000 
 172,  81.250 
 172,  81.250 
 172,  93.750 
 172,  87.500 
 172,  100.000 
 172,  87.500 
 173,  87.500 
 173,  100.000 
 173,  93.750 
 173,  75.000 
 173,  93.750 
 173,  93.750 
 174,  93.750 
 174,  87.500 
 174,  75.000 
 174,  87.500 
 174,  93.750 
 174,  81.250 
 175,  93.750 
 175,  87.500 
 175,  100.000 
 175,  87.500 
 175,  93.750 
 175,  87.500 
 176,  93.750 
 176,  93.750 
 176,  93.750 
 176,  100.000 
 176,  93.750 
 176,  100.000 
 177,  100.000 
 177,  93.750 
 177,  93.750 
 177,  100.000 
 177,  93.750 
 177,  100.000 
 178,  93.750 
 178,  100.000 
 178,  81.250 
 178,  100.000 
 178,  93.750 
 178,  93.750 
 179,  100.000 
 179,  93.750 
 179,  87.500 
 179,  93.750 
 179,  93.750 
 179,  93.750 
 180,  100.000 
 180,  87.500 
 180,  87.500 
 180,  100.000 
 180,  100.000 
 180,  93.750 
 181,  100.000 
 181,  81.250 
 181,  93.750 
 181,  93.750 
 181,  93.750 
 181,  87.500 
 182,  87.500 
 182,  93.750 
 182,  93.750 
 182,  75.000 
 182,  100.000 
 182,  87.500 
 183,  100.000 
 183,  81.250 
 183,  93.750 
 183,  75.000 
 183,  87.500 
 183,  100.000 
 184,  100.000 
 184,  87.500 
 184,  93.750 
 184,  93.750 
 184,  93.750 
 184,  93.750 
 185,  100.000 
 185,  100.000 
 185,  87.500 
 185,  93.750 
 185,  81.250 
 185,  100.000 
 186,  100.000 
 186,  93.750 
 186,  81.250 
 186,  87.500 
 186,  93.750 
 186,  100.000 
 187,  100.000 
 187,  93.750 
 187,  93.750 
 187,  93.750 
 187,  87.500 
 187,  93.750 
 188,  93.750 
 188,  81.250 
 188,  87.500 
 188,  100.000 
 188,  100.000 
 188,  87.500 
 189,  93.750 
 189,  93.750 
 189,  93.750 
 189,  93.750 
 189,  68.750 
 189,  87.500 
 190,  87.500 
 190,  100.000 
 190,  93.750 
 190,  93.750 
 190,  93.750 
 190,  81.250 
 191,  100.000 
 191,  87.500 
 191,  93.750 
 191,  93.750 
 191,  93.750 
 191,  87.500 
 192,  93.750 
 192,  93.750 
 192,  68.750 
 192,  93.750 
 192,  93.750 
 192,  93.750 
 193,  87.500 
 193,  93.750 
 193,  93.750 
 193,  93.750 
 193,  93.750 
 193,  93.750 
 194,  100.000 
 194,  100.000 
 194,  100.000 
 194,  93.750 
 194,  100.000 
 194,  100.000 
 195,  93.750 
 195,  100.000 
 195,  93.750 
 195,  93.750 
 195,  100.000 
 195,  87.500 
 196,  93.750 
 196,  93.750 
 196,  87.500 
 196,  100.000 
 196,  93.750 
 196,  93.750 
 197,  81.250 
 197,  75.000 
 197,  87.500 
 197,  87.500 
 197,  100.000 
 197,  93.750 
 198,  100.000 
 198,  100.000 
 198,  100.000 
 198,  93.750 
 198,  100.000 
 198,  100.000 
 199,  100.000 
 199,  87.500 
 199,  100.000 
 199,  93.750 
 199,  93.750 
 199,  93.750 
 200,  93.750 
 200,  100.000 
 200,  100.000 
 200,  93.750 
 200,  93.750 
 200,  93.750 
 201,  75.000 
 201,  87.500 
 201,  100.000 
 201,  75.000 
 201,  93.750 
 201,  93.750 
 202,  93.750 
 202,  93.750 
 202,  100.000 
 202,  100.000 
 202,  100.000 
 202,  81.250 
 203,  93.750 
 203,  93.750 
 203,  87.500 
 203,  87.500 
 203,  87.500 
 203,  93.750 
 204,  93.750 
 204,  93.750 
 204,  93.750 
 204,  100.000 
 204,  93.750 
 204,  100.000 
 205,  93.750 
 205,  93.750 
 205,  87.500 
 205,  100.000 
 205,  93.750 
 205,  100.000 
 206,  100.000 
 206,  100.000 
 206,  93.750 
 206,  87.500 
 206,  93.750 
 206,  100.000 
 207,  93.750 
 207,  100.000 
 207,  93.750 
 207,  81.250 
 207,  81.250 
 207,  93.750 
 208,  87.500 
 208,  93.750 
 208,  87.500 
 208,  87.500 
 208,  93.750 
 208,  87.500 
 209,  81.250 
 209,  87.500 
 209,  87.500 
 209,  93.750 
 209,  87.500 
 209,  100.000 
 210,  100.000 
 210,  93.750 
 210,  100.000 
 210,  93.750 
 210,  100.000 
 210,  81.250 
 211,  87.500 
 211,  100.000 
 211,  93.750 
 211,  100.000 
 211,  100.000 
 211,  100.000 
 212,  100.000 
 212,  100.000 
 212,  93.750 
 212,  87.500 
 212,  87.500 
 212,  100.000 
 213,  100.000 
 213,  100.000 
 213,  93.750 
 213,  93.750 
 213,  87.500 
 213,  87.500 
 214,  93.750 
 214,  100.000 
 214,  93.750 
 214,  93.750 
 214,  87.500 
 214,  100.000 
 215,  100.000 
 215,  93.750 
 215,  100.000 
 215,  100.000 
 215,  100.000 
 215,  87.500 
 216,  87.500 
 216,  87.500 
 216,  87.500 
 216,  100.000 
 216,  87.500 
 216,  100.000 
 217,  100.000 
 217,  87.500 
 217,  93.750 
 217,  93.750 
 217,  93.750 
 217,  87.500 
 218,  93.750 
 218,  93.750 
 218,  100.000 
 218,  93.750 
 218,  100.000 
 218,  75.000 
 219,  87.500 
 219,  93.750 
 219,  100.000 
 219,  100.000 
 219,  81.250 
 219,  93.750 
 220,  93.750 
 220,  87.500 
 220,  100.000 
 220,  87.500 
 220,  81.250 
 220,  81.250 
 221,  100.000 
 221,  87.500 
 221,  87.500 
 221,  100.000 
 221,  81.250 
 221,  87.500 
 222,  100.000 
 222,  81.250 
 222,  93.750 
 222,  100.000 
 222,  93.750 
 222,  93.750 
 223,  100.000 
 223,  87.500 
 223,  87.500 
 223,  87.500 
 223,  93.750 
 223,  87.500 
 224,  100.000 
 224,  93.750 
 224,  100.000 
 224,  100.000 
 224,  100.000 
 224,  93.750 
 225,  93.750 
 225,  93.750 
 225,  93.750 
 225,  87.500 
 225,  100.000 
 225,  87.500 
 226,  87.500 
 226,  93.750 
 226,  93.750 
 226,  100.000 
 226,  100.000 
 226,  93.750 
 227,  87.500 
 227,  93.750 
 227,  81.250 
 227,  93.750 
 227,  87.500 
 227,  68.750 
 228,  87.500 
 228,  93.750 
 228,  93.750 
 228,  93.750 
 228,  100.000 
 228,  87.500 
 229,  100.000 
 229,  100.000 
 229,  100.000 
 229,  100.000 
 229,  100.000 
 229,  93.750 
 230,  100.000 
 230,  81.250 
 230,  93.750 
 230,  87.500 
 230,  100.000 
 230,  100.000 
 231,  93.750 
 231,  93.750 
 231,  100.000 
 231,  100.000 
 231,  100.000 
 231,  93.750 
 232,  87.500 
 232,  100.000 
 232,  93.750 
 232,  81.250 
 232,  93.750 
 232,  100.000 
 233,  100.000 
 233,  87.500 
 233,  100.000 
 233,  87.500 
 233,  100.000 
 233,  93.750 
 234,  93.750 
 234,  100.000 
 234,  87.500 
 234,  87.500 
 234,  87.500 
 234,  81.250 
 235,  93.750 
 235,  87.500 
 235,  93.750 
 235,  93.750 
 235,  93.750 
 235,  93.750 
 236,  100.000 
 236,  100.000 
 236,  93.750 
 236,  100.000 
 236,  100.000 
 236,  87.500 
 237,  93.750 
 237,  87.500 
 237,  93.750 
 237,  100.000 
 237,  87.500 
 237,  87.500 
 238,  100.000 
 238,  100.000 
 238,  100.000 
 238,  93.750 
 238,  87.500 
 238,  81.250 
 239,  93.750 
 239,  93.750 
 239,  75.000 
 239,  93.750 
 239,  93.750 
 239,  93.750 
 240,  93.750 
 240,  93.750 
 240,  87.500 
 240,  87.500 
 240,  100.000 
 240,  100.000 
 241,  100.000 
 241,  87.500 
 241,  100.000 
 241,  93.750 
 241,  87.500 
 241,  93.750 
 242,  93.750 
 242,  100.000 
 242,  100.000 
 242,  100.000 
 242,  100.000 
 242,  100.000 
 243,  87.500 
 243,  93.750 
 243,  100.000 
 243,  81.250 
 243,  100.000 
 243,  87.500 
 244,  100.000 
 244,  100.000 
 244,  87.500 
 244,  93.750 
 244,  100.000 
 244,  100.000 
 245,  100.000 
 245,  62.500 
 245,  93.750 
 245,  93.750 
 245,  100.000 
 245,  100.000 
 246,  93.750 
 246,  100.000 
 246,  100.000 
 246,  93.750 
 246,  93.750 
 246,  100.000 
 247,  100.000 
 247,  87.500 
 247,  93.750 
 247,  100.000 
 247,  100.000 
 247,  93.750 
 248,  93.750 
 248,  93.750 
 248,  100.000 
 248,  100.000 
 248,  93.750 
 248,  93.750 
 249,  100.000 
 249,  87.500 
 249,  93.750 
 249,  87.500 
 249,  93.750 
 249,  93.750 
 250,  87.500 
 250,  93.750 
 250,  81.250 
 250,  100.000 
 250,  93.750 
 250,  100.000 
 251,  87.500 
 251,  100.000 
 251,  93.750 
 251,  93.750 
 251,  100.000 
 251,  87.500 
 252,  100.000 
 252,  87.500 
 252,  100.000 
 252,  100.000 
 252,  100.000 
 252,  100.000 
 253,  75.000 
 253,  100.000 
 253,  100.000 
 253,  93.750 
 253,  87.500 
 253,  93.750 
 254,  100.000 
 254,  100.000 
 254,  100.000 
 254,  100.000 
 254,  100.000 
 254,  100.000 
 255,  100.000 
 255,  100.000 
 255,  93.750 
 255,  93.750 
 255,  93.750 
 255,  93.750 
 256,  93.750 
 256,  93.750 
 256,  87.500 
 256,  100.000 
 256,  100.000 
 256,  100.000 
 257,  100.000 
 257,  100.000 
 257,  100.000 
 257,  93.750 
 257,  87.500 
 257,  93.750 
 258,  100.000 
 258,  100.000 
 258,  93.750 
 258,  93.750 
 258,  100.000 
 258,  100.000 
 259,  93.750 
 259,  93.750 
 259,  93.750 
 259,  93.750 
 259,  87.500 
 259,  81.250 
 260,  100.000 
 260,  93.750 
 260,  100.000 
 260,  87.500 
 260,  87.500 
 260,  93.750 
 261,  87.500 
 261,  100.000 
 261,  87.500 
 261,  87.500 
 261,  100.000 
 261,  93.750 
 262,  93.750 
 262,  93.750 
 262,  93.750 
 262,  93.750 
 262,  87.500 
 262,  87.500 
 263,  93.750 
 263,  87.500 
 263,  93.750 
 263,  100.000 
 263,  100.000 
 263,  87.500 
 264,  81.250 
 264,  93.750 
 264,  100.000 
 264,  93.750 
 264,  100.000 
 264,  93.750 
 265,  93.750 
 265,  93.750 
 265,  87.500 
 265,  100.000 
 265,  93.750 
 265,  93.750 
 266,  100.000 
 266,  100.000 
 266,  100.000 
 266,  87.500 
 266,  93.750 
 266,  87.500 
 267,  93.750 
 267,  93.750 
 267,  93.750 
 267,  93.750 
 267,  93.750 
 267,  100.000 
 268,  81.250 
 268,  93.750 
 268,  100.000 
 268,  93.750 
 268,  100.000 
 268,  93.750 
 269,  87.500 
 269,  93.750 
 269,  93.750 
 269,  87.500 
 269,  87.500 
 269,  100.000 
 270,  81.250 
 270,  93.750 
 270,  87.500 
 270,  100.000 
 270,  75.000 
 270,  87.500 
 271,  100.000 
 271,  100.000 
 271,  93.750 
 271,  93.750 
 271,  87.500 
 271,  100.000 
 272,  87.500 
 272,  87.500 
 272,  100.000 
 272,  93.750 
 272,  93.750 
 272,  87.500 
 273,  87.500 
 273,  87.500 
 273,  87.500 
 273,  93.750 
 273,  93.750 
 273,  93.750 
 274,  93.750 
 274,  87.500 
 274,  93.750 
 274,  100.000 
 274,  87.500 
 274,  93.750 
 275,  100.000 
 275,  100.000 
 275,  93.750 
 275,  81.250 
 275,  87.500 
 275,  93.750 
 276,  100.000 
 276,  100.000 
 276,  100.000 
 276,  100.000 
 276,  100.000 
 276,  100.000 
 277,  93.750 
 277,  93.750 
 277,  81.250 
 277,  100.000 
 277,  87.500 
 277,  100.000 
 278,  87.500 
 278,  100.000 
 278,  100.000 
 278,  81.250 
 278,  100.000 
 278,  81.250 
 279,  93.750 
 279,  93.750 
 279,  100.000 
 279,  100.000 
 279,  87.500 
 279,  100.000 
 280,  93.750 
 280,  100.000 
 280,  93.750 
 280,  100.000 
 280,  87.500 
 280,  93.750 
 281,  93.750 
 281,  100.000 
 281,  93.750 
 281,  100.000 
 281,  93.750 
 281,  93.750 
 282,  87.500 
 282,  87.500 
 282,  93.750 
 282,  100.000 
 282,  93.750 
 282,  81.250 
 283,  93.750 
 283,  100.000 
 283,  93.750 
 283,  100.000 
 283,  87.500 
 283,  93.750 
 284,  93.750 
 284,  100.000 
 284,  93.750 
 284,  100.000 
 284,  100.000 
 284,  93.750 
 285,  100.000 
 285,  93.750 
 285,  93.750 
 285,  93.750 
 285,  93.750 
 285,  93.750 
 286,  100.000 
 286,  100.000 
 286,  100.000 
 286,  100.000 
 286,  100.000 
 286,  100.000 
 287,  100.000 
 287,  100.000 
 287,  87.500 
 287,  93.750 
 287,  81.250 
 287,  100.000 
 288,  93.750 
 288,  100.000 
 288,  81.250 
 288,  100.000 
 288,  93.750 
 288,  93.750 
 289,  100.000 
 289,  93.750 
 289,  93.750 
 289,  100.000 
 289,  93.750 
 289,  75.000 
 290,  100.000 
 290,  93.750 
 290,  100.000 
 290,  93.750 
 290,  93.750 
 290,  93.750 
 291,  100.000 
 291,  93.750 
 291,  100.000 
 291,  100.000 
 291,  100.000 
 291,  87.500 
 292,  100.000 
 292,  93.750 
 292,  100.000 
 292,  93.750 
 292,  100.000 
 292,  100.000 
 293,  100.000 
 293,  100.000 
 293,  100.000 
 293,  81.250 
 293,  87.500 
 293,  93.750 
 294,  100.000 
 294,  100.000 
 294,  93.750 
 294,  100.000 
 294,  93.750 
 294,  87.500 
 295,  93.750 
 295,  87.500 
 295,  81.250 
 295,  100.000 
 295,  93.750 
 295,  93.750 
 296,  93.750 
 296,  93.750 
 296,  100.000 
 296,  100.000 
 296,  81.250 
 296,  93.750 
 297,  100.000 
 297,  100.000 
 297,  100.000 
 297,  100.000 
 297,  81.250 
 297,  100.000 
 298,  93.750 
 298,  93.750 
 298,  100.000 
 298,  93.750 
 298,  93.750 
 298,  87.500 
 299,  75.000 
 299,  87.500 
 299,  93.750 
 299,  93.750 
 299,  100.000 
 299,  100.000 
 300,  100.000 
 300,  93.750 
 300,  100.000 
 300,  93.750 
 300,  93.750 
 300,  87.500 
 301,  93.750 
 301,  100.000 
 301,  100.000 
 301,  100.000 
 301,  93.750 
 301,  87.500 
 302,  93.750 
 302,  93.750 
 302,  93.750 
 302,  87.500 
 302,  93.750 
 302,  93.750 
 303,  100.000 
 303,  100.000 
 303,  93.750 
 303,  93.750 
 303,  100.000 
 303,  100.000 
 304,  100.000 
 304,  93.750 
 304,  93.750 
 304,  93.750 
 304,  100.000 
 304,  100.000 
 305,  100.000 
 305,  93.750 
 305,  81.250 
 305,  100.000 
 305,  100.000 
 305,  87.500 
 306,  100.000 
 306,  100.000 
 306,  93.750 
 306,  100.000 
 306,  100.000 
 306,  93.750 
 307,  100.000 
 307,  100.000 
 307,  93.750 
 307,  100.000 
 307,  93.750 
 307,  100.000 
 308,  87.500 
 308,  100.000 
 308,  100.000 
 308,  100.000 
 308,  93.750 
 308,  93.750 
 309,  100.000 
 309,  93.750 
 309,  87.500 
 309,  100.000 
 309,  100.000 
 309,  93.750 
 310,  100.000 
 310,  100.000 
 310,  100.000 
 310,  93.750 
 310,  100.000 
 310,  93.750 
 311,  100.000 
 311,  100.000 
 311,  100.000 
 311,  87.500 
 311,  93.750 
 311,  87.500 
 312,  100.000 
 312,  100.000 
 312,  100.000 
 312,  100.000 
 312,  93.750 
 312,  100.000 
 313,  93.750 
 313,  93.750 
 313,  87.500 
 313,  93.750 
 313,  100.000 
 313,  93.750 
 314,  100.000 
 314,  93.750 
 314,  93.750 
 314,  93.750 
 314,  93.750 
 314,  100.000 
 315,  93.750 
 315,  93.750 
 315,  93.750 
 315,  75.000 
 315,  93.750 
 315,  93.750 
 316,  100.000 
 316,  100.000 
 316,  100.000 
 316,  93.750 
 316,  100.000 
 316,  93.750 
 317,  87.500 
 317,  100.000 
 317,  87.500 
 317,  87.500 
 317,  93.750 
 317,  100.000 
 318,  100.000 
 318,  100.000 
 318,  100.000 
 318,  100.000 
 318,  100.000 
 318,  93.750 
 319,  100.000 
 319,  100.000 
 319,  81.250 
 319,  93.750 
 319,  100.000 
 319,  93.750 
 320,  93.750 
 320,  100.000 
 320,  100.000 
 320,  93.750 
 320,  100.000 
 320,  81.250 
 321,  93.750 
 321,  93.750 
 321,  93.750 
 321,  93.750 
 321,  100.000 
 321,  100.000 
 322,  100.000 
 322,  75.000 
 322,  93.750 
 322,  100.000 
 322,  93.750 
 322,  81.250 
 323,  100.000 
 323,  87.500 
 323,  93.750 
 323,  93.750 
 323,  87.500 
 323,  93.750 
 324,  100.000 
 324,  93.750 
 324,  100.000 
 324,  100.000 
 324,  87.500 
 324,  100.000 
 325,  93.750 
 325,  100.000 
 325,  93.750 
 325,  100.000 
 325,  93.750 
 325,  93.750 
 326,  93.750 
 326,  100.000 
 326,  93.750 
 326,  100.000 
 326,  87.500 
 326,  100.000 
 327,  100.000 
 327,  100.000 
 327,  87.500 
 327,  93.750 
 327,  87.500 
 327,  100.000 
 328,  100.000 
 328,  93.750 
 328,  100.000 
 328,  100.000 
 328,  93.750 
 328,  75.000 
 329,  100.000 
 329,  93.750 
 329,  100.000 
 329,  93.750 
 329,  100.000 
 329,  100.000 
 330,  100.000 
 330,  87.500 
 330,  100.000 
 330,  100.000 
 330,  100.000 
 330,  93.750 
 331,  93.750 
 331,  93.750 
 331,  81.250 
 331,  100.000 
 331,  81.250 
 331,  93.750 
 332,  93.750 
 332,  93.750 
 332,  100.000 
 332,  93.750 
 332,  100.000 
 332,  81.250 
 333,  93.750 
 333,  87.500 
 333,  100.000 
 333,  100.000 
 333,  100.000 
 333,  93.750 
 334,  100.000 
 334,  93.750 
 334,  100.000 
 334,  93.750 
 334,  87.500 
 334,  100.000 
 335,  100.000 
 335,  100.000 
 335,  93.750 
 335,  93.750 
 335,  93.750 
 335,  100.000 
 336,  100.000 
 336,  87.500 
 336,  93.750 
 336,  100.000 
 336,  93.750 
 336,  87.500 
 337,  100.000 
 337,  100.000 
 337,  100.000 
 337,  93.750 
 337,  100.000 
 337,  100.000 
 338,  100.000 
 338,  100.000 
 338,  87.500 
 338,  100.000 
 338,  87.500 
 338,  100.000 
 339,  100.000 
 339,  100.000 
 339,  100.000 
 339,  100.000 
 339,  100.000 
 339,  93.750 
 340,  100.000 
 340,  100.000 
 340,  93.750 
 340,  93.750 
 340,  87.500 
 340,  100.000 
 341,  100.000 
 341,  87.500 
 341,  100.000 
 341,  100.000 
 341,  93.750 
 341,  100.000 
 342,  100.000 
 342,  100.000 
 342,  75.000 
 342,  87.500 
 342,  93.750 
 342,  93.750 
 343,  93.750 
 343,  100.000 
 343,  93.750 
 343,  100.000 
 343,  100.000 
 343,  100.000 
 344,  100.000 
 344,  100.000 
 344,  93.750 
 344,  100.000 
 344,  93.750 
 344,  93.750 
 345,  100.000 
 345,  100.000 
 345,  100.000 
 345,  100.000 
 345,  87.500 
 345,  93.750 
 346,  93.750 
 346,  93.750 
 346,  100.000 
 346,  93.750 
 346,  100.000 
 346,  100.000 
 347,  87.500 
 347,  87.500 
 347,  93.750 
 347,  93.750 
 347,  87.500 
 347,  93.750 
 348,  87.500 
 348,  75.000 
 348,  87.500 
 348,  87.500 
 348,  100.000 
 348,  81.250 
 349,  87.500 
 349,  93.750 
 349,  100.000 
 349,  100.000 
 349,  100.000 
 349,  100.000 
 350,  100.000 
 350,  87.500 
 350,  100.000 
 350,  100.000 
 350,  81.250 
 350,  100.000 
 351,  100.000 
 351,  100.000 
 351,  100.000 
 351,  100.000 
 351,  100.000 
 351,  100.000 
 352,  100.000 
 352,  100.000 
 352,  87.500 
 352,  100.000 
 352,  87.500 
 352,  87.500 
 353,  93.750 
 353,  93.750 
 353,  100.000 
 353,  100.000 
 353,  100.000 
 353,  93.750 
 354,  93.750 
 354,  100.000 
 354,  100.000 
 354,  93.750 
 354,  93.750 
 354,  93.750 
 355,  93.750 
 355,  100.000 
 355,  100.000 
 355,  100.000 
 355,  100.000 
 355,  100.000 
 356,  100.000 
 356,  87.500 
 356,  100.000 
 356,  87.500 
 356,  93.750 
 356,  100.000 
 357,  87.500 
 357,  93.750 
 357,  93.750 
 357,  93.750 
 357,  81.250 
 357,  100.000 
 358,  93.750 
 358,  93.750 
 358,  100.000 
 358,  93.750 
 358,  100.000 
 358,  93.750 
 359,  81.250 
 359,  93.750 
 359,  100.000 
 359,  93.750 
 359,  100.000 
 359,  100.000 
 360,  100.000 
 360,  93.750 
 360,  81.250 
 360,  100.000 
 360,  100.000 
 360,  100.000 
 361,  100.000 
 361,  100.000 
 361,  100.000 
 361,  93.750 
 361,  93.750 
 361,  100.000 
 362,  100.000 
 362,  68.750 
 362,  100.000 
 362,  87.500 
 362,  100.000 
 362,  87.500 
 363,  100.000 
 363,  100.000 
 363,  93.750 
 363,  87.500 
 363,  100.000 
 363,  87.500 
 364,  100.000 
 364,  100.000 
 364,  100.000 
 364,  100.000 
 364,  100.000 
 364,  93.750 
 365,  100.000 
 365,  100.000 
 365,  93.750 
 365,  100.000 
 365,  100.000 
 365,  100.000 
 366,  100.000 
 366,  93.750 
 366,  93.750 
 366,  100.000 
 366,  93.750 
 366,  100.000 
 367,  100.000 
 367,  100.000 
 367,  87.500 
 367,  93.750 
 367,  100.000 
 367,  93.750 
 368,  100.000 
 368,  100.000 
 368,  100.000 
 368,  81.250 
 368,  93.750 
 368,  100.000 
 369,  100.000 
 369,  100.000 
 369,  100.000 
 369,  68.750 
 369,  81.250 
 369,  100.000 
 370,  100.000 
 370,  100.000 
 370,  93.750 
 370,  93.750 
 370,  100.000 
 370,  100.000 
 371,  93.750 
 371,  100.000 
 371,  100.000 
 371,  100.000 
 371,  100.000 
 371,  100.000 
 372,  100.000 
 372,  100.000 
 372,  93.750 
 372,  93.750 
 372,  93.750 
 372,  100.000 
 373,  100.000 
 373,  100.000 
 373,  100.000 
 373,  100.000 
 373,  100.000 
 373,  87.500 
 374,  100.000 
 374,  93.750 
 374,  100.000 
 374,  87.500 
 374,  87.500 
 374,  100.000 
 375,  100.000 
 375,  87.500 
 375,  93.750 
 375,  100.000 
 375,  100.000 
 375,  100.000 
 376,  87.500 
 376,  100.000 
 376,  100.000 
 376,  100.000 
 376,  93.750 
 376,  100.000 
 377,  100.000 
 377,  100.000 
 377,  93.750 
 377,  100.000 
 377,  93.750 
 377,  100.000 
 378,  100.000 
 378,  93.750 
 378,  93.750 
 378,  87.500 
 378,  100.000 
 378,  75.000 
 379,  100.000 
 379,  100.000 
 379,  100.000 
 379,  100.000 
 379,  93.750 
 379,  100.000 
 380,  93.750 
 380,  93.750 
 380,  100.000 
 380,  93.750 
 380,  100.000 
 380,  100.000 
 381,  93.750 
 381,  100.000 
 381,  100.000 
 381,  100.000 
 381,  100.000 
 381,  93.750 
 382,  100.000 
 382,  100.000 
 382,  93.750 
 382,  93.750 
 382,  100.000 
 382,  100.000 
 383,  100.000 
 383,  100.000 
 383,  100.000 
 383,  100.000 
 383,  93.750 
 383,  93.750 
 384,  93.750 
 384,  93.750 
 384,  87.500 
 384,  93.750 
 384,  93.750 
 384,  100.000 
 385,  100.000 
 385,  93.750 
 385,  93.750 
 385,  100.000 
 385,  87.500 
 385,  100.000 
 386,  100.000 
 386,  100.000 
 386,  100.000 
 386,  87.500 
 386,  93.750 
 386,  100.000 
 387,  100.000 
 387,  100.000 
 387,  93.750 
 387,  100.000 
 387,  100.000 
 387,  100.000 
 388,  87.500 
 388,  93.750 
 388,  100.000 
 388,  100.000 
 388,  100.000 
 388,  87.500 
 389,  93.750 
 389,  100.000 
 389,  100.000 
 389,  87.500 
 389,  100.000 
 389,  100.000 
 390,  100.000 
 390,  93.750 
 390,  100.000 
 390,  93.750 
 390,  100.000 
 390,  100.000 
 391,  100.000 
 391,  93.750 
 391,  93.750 
 391,  93.750 
 391,  100.000 
 391,  100.000 
 392,  56.250 
 392,  93.750 
 392,  81.250 
 392,  93.750 
 392,  93.750 
 392,  100.000 
 393,  93.750 
 393,  100.000 
 393,  93.750 
 393,  100.000 
 393,  100.000 
 393,  87.500 
 394,  93.750 
 394,  75.000 
 394,  100.000 
 394,  100.000 
 394,  93.750 
 394,  93.750 
 395,  100.000 
 395,  87.500 
 395,  87.500 
 395,  100.000 
 395,  100.000 
 395,  93.750 
 396,  100.000 
 396,  100.000 
 396,  93.750 
 396,  100.000 
 396,  93.750 
 396,  93.750 
 397,  87.500 
 397,  93.750 
 397,  87.500 
 397,  87.500 
 397,  100.000 
 397,  100.000 
 398,  87.500 
 398,  93.750 
 398,  93.750 
 398,  100.000 
 398,  87.500 
 398,  93.750 
 399,  100.000 
 399,  87.500 
 399,  100.000 
 399,  75.000 
 399,  93.750 
 399,  100.000 
 400,  87.500 
 400,  100.000 
 400,  100.000 
 400,  93.750 
 400,  100.000 
 400,  100.000 
 401,  93.750 
 401,  93.750 
 401,  100.000 
 401,  87.500 
 401,  100.000 
 401,  100.000 
 402,  100.000 
 402,  93.750 
 402,  100.000 
 402,  100.000 
 402,  100.000 
 402,  100.000 
 403,  100.000 
 403,  93.750 
 403,  100.000 
 403,  93.750 
 403,  100.000 
 403,  100.000 
 404,  81.250 
 404,  100.000 
 404,  93.750 
 404,  93.750 
 404,  93.750 
 404,  100.000 
 405,  100.000 
 405,  100.000 
 405,  100.000 
 405,  100.000 
 405,  87.500 
 405,  93.750 
 406,  100.000 
 406,  87.500 
 406,  93.750 
 406,  93.750 
 406,  87.500 
 406,  100.000 
 407,  100.000 
 407,  87.500 
 407,  100.000 
 407,  100.000 
 407,  93.750 
 407,  100.000 
 408,  100.000 
 408,  100.000 
 408,  93.750 
 408,  93.750 
 408,  100.000 
 408,  93.750 
 409,  100.000 
 409,  93.750 
 409,  93.750 
 409,  93.750 
 409,  100.000 
 409,  100.000 
 410,  93.750 
 410,  100.000 
 410,  93.750 
 410,  93.750 
 410,  100.000 
 410,  100.000 
 411,  81.250 
 411,  93.750 
 411,  93.750 
 411,  100.000 
 411,  100.000 
 411,  100.000 
 412,  100.000 
 412,  93.750 
 412,  100.000 
 412,  100.000 
 412,  100.000 
 412,  100.000 
 413,  100.000 
 413,  100.000 
 413,  87.500 
 413,  93.750 
 413,  93.750 
 413,  81.250 
 414,  100.000 
 414,  100.000 
 414,  87.500 
 414,  93.750 
 414,  100.000 
 414,  81.250 
 415,  87.500 
 415,  100.000 
 415,  100.000 
 415,  81.250 
 415,  93.750 
 415,  100.000 
 416,  100.000 
 416,  81.250 
 416,  100.000 
 416,  93.750 
 416,  100.000 
 416,  100.000 
 417,  100.000 
 417,  100.000 
 417,  93.750 
 417,  93.750 
 417,  100.000 
 417,  93.750 
 418,  81.250 
 418,  100.000 
 418,  100.000 
 418,  100.000 
 418,  100.000 
 418,  87.500 
 419,  100.000 
 419,  93.750 
 419,  100.000 
 419,  87.500 
 419,  93.750 
 419,  87.500 
 420,  100.000 
 420,  100.000 
 420,  100.000 
 420,  100.000 
 420,  93.750 
 420,  100.000 
 421,  100.000 
 421,  93.750 
 421,  100.000 
 421,  100.000 
 421,  81.250 
 421,  100.000 
 422,  93.750 
 422,  100.000 
 422,  93.750 
 422,  93.750 
 422,  100.000 
 422,  100.000 
 423,  93.750 
 423,  93.750 
 423,  100.000 
 423,  100.000 
 423,  100.000 
 423,  100.000 
 424,  100.000 
 424,  93.750 
 424,  93.750 
 424,  100.000 
 424,  93.750 
 424,  81.250 
 425,  100.000 
 425,  93.750 
 425,  93.750 
 425,  100.000 
 425,  100.000 
 425,  100.000 
 426,  100.000 
 426,  100.000 
 426,  93.750 
 426,  93.750 
 426,  100.000 
 426,  100.000 
 427,  93.750 
 427,  93.750 
 427,  93.750 
 427,  100.000 
 427,  81.250 
 427,  100.000 
 428,  93.750 
 428,  100.000 
 428,  93.750 
 428,  93.750 
 428,  100.000 
 428,  87.500 
 429,  93.750 
 429,  100.000 
 429,  93.750 
 429,  93.750 
 429,  100.000 
 429,  93.750 
 430,  93.750 
 430,  100.000 
 430,  100.000 
 430,  100.000 
 430,  100.000 
 430,  100.000 
 431,  100.000 
 431,  100.000 
 431,  93.750 
 431,  100.000 
 431,  93.750 
 431,  93.750 
 432,  100.000 
 432,  100.000 
 432,  100.000 
 432,  87.500 
 432,  100.000 
 432,  100.000 
 433,  100.000 
 433,  100.000 
 433,  87.500 
 433,  93.750 
 433,  87.500 
 433,  100.000 
 434,  62.500 
 434,  87.500 
 434,  93.750 
 434,  100.000 
 434,  100.000 
 434,  93.750 
 435,  100.000 
 435,  93.750 
 435,  100.000 
 435,  100.000 
 435,  93.750 
 435,  93.750 
 436,  100.000 
 436,  100.000 
 436,  87.500 
 436,  87.500 
 436,  93.750 
 436,  100.000 
 437,  100.000 
 437,  100.000 
 437,  87.500 
 437,  100.000 
 437,  100.000 
 437,  93.750 
 438,  100.000 
 438,  100.000 
 438,  93.750 
 438,  93.750 
 438,  93.750 
 438,  100.000 
 439,  81.250 
 439,  93.750 
 439,  93.750 
 439,  100.000 
 439,  87.500 
 439,  100.000 
 440,  100.000 
 440,  100.000 
 440,  100.000 
 440,  93.750 
 440,  100.000 
 440,  100.000 
 441,  93.750 
 441,  100.000 
 441,  93.750 
 441,  100.000 
 441,  93.750 
 441,  93.750 
 442,  100.000 
 442,  93.750 
 442,  100.000 
 442,  81.250 
 442,  100.000 
 442,  100.000 
 443,  100.000 
 443,  87.500 
 443,  100.000 
 443,  93.750 
 443,  93.750 
 443,  100.000 
 444,  100.000 
 444,  93.750 
 444,  93.750 
 444,  87.500 
 444,  93.750 
 444,  100.000 
 445,  100.000 
 445,  100.000 
 445,  93.750 
 445,  100.000 
 445,  100.000 
 445,  100.000 
 446,  100.000 
 446,  100.000 
 446,  93.750 
 446,  93.750 
 446,  100.000 
 446,  93.750 
 447,  93.750 
 447,  100.000 
 447,  100.000 
 447,  100.000 
 447,  93.750 
 447,  81.250 
 448,  93.750 
 448,  81.250 
 448,  100.000 
 448,  100.000 
 448,  100.000 
 448,  93.750 
 449,  100.000 
 449,  93.750 
 449,  93.750 
 449,  100.000 
 449,  100.000 
 449,  87.500 
 450,  100.000 
 450,  93.750 
 450,  100.000 
 450,  100.000 
 450,  93.750 
 450,  100.000 
 451,  87.500 
 451,  100.000 
 451,  100.000 
 451,  100.000 
 451,  93.750 
 451,  100.000 
 452,  93.750 
 452,  93.750 
 452,  100.000 
 452,  100.000 
 452,  87.500 
 452,  100.000 
 453,  100.000 
 453,  93.750 
 453,  100.000 
 453,  100.000 
 453,  93.750 
 453,  87.500 
 454,  93.750 
 454,  93.750 
 454,  93.750 
 454,  100.000 
 454,  81.250 
 454,  100.000 
 455,  100.000 
 455,  93.750 
 455,  100.000 
 455,  100.000 
 455,  100.000 
 455,  100.000 
 456,  87.500 
 456,  100.000 
 456,  100.000 
 456,  100.000 
 456,  100.000 
 456,  100.000 
 457,  100.000 
 457,  100.000 
 457,  93.750 
 457,  100.000 
 457,  100.000 
 457,  100.000 
 458,  93.750 
 458,  100.000 
 458,  100.000 
 458,  100.000 
 458,  100.000 
 458,  100.000 
 459,  93.750 
 459,  93.750 
 459,  100.000 
 459,  81.250 
 459,  93.750 
 459,  100.000 
 460,  100.000 
 460,  93.750 
 460,  100.000 
 460,  100.000 
 460,  100.000 
 460,  100.000 
 461,  100.000 
 461,  87.500 
 461,  100.000 
 461,  100.000 
 461,  100.000 
 461,  93.750 
 462,  100.000 
 462,  93.750 
 462,  75.000 
 462,  93.750 
 462,  100.000 
 462,  100.000 
 463,  100.000 
 463,  100.000 
 463,  100.000 
 463,  100.000 
 463,  93.750 
 463,  81.250 
 464,  93.750 
 464,  93.750 
 464,  87.500 
 464,  100.000 
 464,  100.000 
 464,  93.750 
 465,  81.250 
 465,  93.750 
 465,  87.500 
 465,  93.750 
 465,  93.750 
 465,  93.750 
 466,  100.000 
 466,  100.000 
 466,  100.000 
 466,  93.750 
 466,  87.500 
 466,  100.000 
 467,  100.000 
 467,  100.000 
 467,  100.000 
 467,  93.750 
 467,  93.750 
 467,  93.750 
 468,  81.250 
 468,  100.000 
 468,  100.000 
 468,  93.750 
 468,  93.750 
 468,  100.000 
 469,  100.000 
 469,  93.750 
 469,  93.750 
 469,  93.750 
 469,  100.000 
 469,  100.000 
 470,  93.750 
 470,  100.000 
 470,  87.500 
 470,  93.750 
 470,  93.750 
 470,  100.000 
 471,  100.000 
 471,  100.000 
 471,  93.750 
 471,  100.000 
 471,  100.000 
 471,  93.750 
 472,  93.750 
 472,  100.000 
 472,  93.750 
 472,  93.750 
 472,  100.000 
 472,  100.000 
 473,  100.000 
 473,  87.500 
 473,  100.000 
 473,  100.000 
 473,  100.000 
 473,  100.000 
 474,  93.750 
 474,  93.750 
 474,  100.000 
 474,  100.000 
 474,  100.000 
 474,  93.750 
 475,  100.000 
 475,  100.000 
 475,  100.000 
 475,  100.000 
 475,  100.000 
 475,  100.000 
 476,  100.000 
 476,  100.000 
 476,  100.000 
 476,  81.250 
 476,  100.000 
 476,  100.000 
 477,  100.000 
 477,  100.000 
 477,  100.000 
 477,  87.500 
 477,  93.750 
 477,  93.750 
 478,  93.750 
 478,  100.000 
 478,  93.750 
 478,  100.000 
 478,  100.000 
 478,  87.500 
 479,  100.000 
 479,  93.750 
 479,  100.000 
 479,  93.750 
 479,  100.000 
 479,  100.000 
 480,  100.000 
 480,  100.000 
 480,  100.000 
 480,  93.750 
 480,  87.500 
 480,  93.750 
 481,  100.000 
 481,  93.750 
 481,  100.000 
 481,  100.000 
 481,  93.750 
 481,  87.500 
 482,  93.750 
 482,  100.000 
 482,  100.000 
 482,  100.000 
 482,  100.000 
 482,  93.750 
 483,  100.000 
 483,  93.750 
 483,  87.500 
 483,  100.000 
 483,  93.750 
 483,  75.000 
 484,  100.000 
 484,  100.000 
 484,  100.000 
 484,  100.000 
 484,  100.000 
 484,  100.000 
 485,  93.750 
 485,  100.000 
 485,  93.750 
 485,  93.750 
 485,  93.750 
 485,  100.000 
 486,  100.000 
 486,  100.000 
 486,  93.750 
 486,  100.000 
 486,  93.750 
 486,  87.500 
 487,  93.750 
 487,  87.500 
 487,  100.000 
 487,  93.750 
 487,  100.000 
 487,  100.000 
 488,  100.000 
 488,  100.000 
 488,  100.000 
 488,  100.000 
 488,  100.000 
 488,  100.000 
 489,  93.750 
 489,  93.750 
 489,  93.750 
 489,  100.000 
 489,  100.000 
 489,  93.750 
 490,  100.000 
 490,  93.750 
 490,  100.000 
 490,  93.750 
 490,  87.500 
 490,  100.000 
 491,  100.000 
 491,  93.750 
 491,  93.750 
 491,  100.000 
 491,  87.500 
 491,  93.750 
 492,  93.750 
 492,  100.000 
 492,  93.750 
 492,  93.750 
 492,  93.750 
 492,  100.000 
 493,  100.000 
 493,  93.750 
 493,  93.750 
 493,  100.000 
 493,  100.000 
 493,  75.000 
 494,  100.000 
 494,  100.000 
 494,  93.750 
 494,  100.000 
 494,  100.000 
 494,  87.500 
 495,  100.000 
 495,  81.250 
 495,  93.750 
 495,  100.000 
 495,  93.750 
 495,  100.000 
 496,  100.000 
 496,  93.750 
 496,  100.000 
 496,  100.000 
 496,  93.750 
 496,  93.750 
 497,  93.750 
 497,  87.500 
 497,  100.000 
 497,  100.000 
 497,  100.000 
 497,  100.000 
 498,  93.750 
 498,  87.500 
 498,  100.000 
 498,  87.500 
 498,  100.000 
 498,  100.000 
 499,  100.000 
 499,  100.000 
 499,  100.000 
 499,  100.000 
 499,  100.000 
 499,  100.000 
 500,  100.000 
 500,  100.000 
 500,  100.000 
 500,  100.000 
 500,  93.750 
 500,  100.000 
 501,  100.000 
 501,  100.000 
 501,  100.000 
 501,  100.000 
 501,  93.750 
 501,  93.750 
 502,  100.000 
 502,  93.750 
 502,  93.750 
 502,  100.000 
 502,  100.000 
 502,  100.000 
 503,  100.000 
 503,  100.000 
 503,  100.000 
 503,  93.750 
 503,  81.250 
 503,  87.500 
 504,  93.750 
 504,  93.750 
 504,  100.000 
 504,  100.000 
 504,  100.000 
 504,  93.750 
 505,  100.000 
 505,  100.000 
 505,  87.500 
 505,  100.000 
 505,  87.500 
 505,  100.000 
 506,  87.500 
 506,  100.000 
 506,  93.750 
 506,  81.250 
 506,  93.750 
 506,  93.750 
 507,  93.750 
 507,  100.000 
 507,  100.000 
 507,  93.750 
 507,  93.750 
 507,  93.750 
 508,  100.000 
 508,  100.000 
 508,  100.000 
 508,  100.000 
 508,  100.000 
 508,  100.000 
 509,  100.000 
 509,  87.500 
 509,  81.250 
 509,  93.750 
 509,  100.000 
 509,  100.000 
 510,  100.000 
 510,  93.750 
 510,  100.000 
 510,  93.750 
 510,  93.750 
 510,  93.750 
 511,  100.000 
 511,  93.750 
 511,  100.000 
 511,  93.750 
 511,  100.000 
 511,  100.000 
 512,  100.000 
 512,  100.000 
 512,  100.000 
 512,  100.000 
 512,  81.250 
 512,  100.000 
 513,  93.750 
 513,  100.000 
 513,  100.000 
 513,  87.500 
 513,  100.000 
 513,  100.000 
 514,  87.500 
 514,  100.000 
 514,  100.000 
 514,  100.000 
 514,  100.000 
 514,  100.000 
 515,  93.750 
 515,  100.000 
 515,  93.750 
 515,  100.000 
 515,  100.000 
 515,  93.750 
 516,  100.000 
 516,  100.000 
 516,  100.000 
 516,  100.000 
 516,  100.000 
 516,  100.000 
 517,  87.500 
 517,  100.000 
 517,  100.000 
 517,  87.500 
 517,  100.000 
 517,  93.750 
 518,  93.750 
 518,  87.500 
 518,  100.000 
 518,  100.000 
 518,  100.000 
 518,  93.750 
 519,  93.750 
 519,  100.000 
 519,  100.000 
 519,  93.750 
 519,  100.000 
 519,  100.000 
 520,  100.000 
 520,  100.000 
 520,  100.000 
 520,  100.000 
 520,  87.500 
 520,  100.000 
 521,  100.000 
 521,  81.250 
 521,  100.000 
 521,  93.750 
 521,  87.500 
 521,  93.750 
 522,  93.750 
 522,  93.750 
 522,  81.250 
 522,  100.000 
 522,  100.000 
 522,  93.750 
 523,  93.750 
 523,  100.000 
 523,  100.000 
 523,  87.500 
 523,  93.750 
 523,  100.000 
 524,  100.000 
 524,  100.000 
 524,  93.750 
 524,  100.000 
 524,  100.000 
 524,  93.750 
 525,  100.000 
 525,  93.750 
 525,  100.000 
 525,  93.750 
 525,  93.750 
 525,  93.750 
 526,  93.750 
 526,  100.000 
 526,  100.000 
 526,  100.000 
 526,  100.000 
 526,  100.000 
 527,  93.750 
 527,  100.000 
 527,  100.000 
 527,  100.000 
 527,  93.750 
 527,  100.000 
 528,  100.000 
 528,  93.750 
 528,  100.000 
 528,  93.750 
 528,  100.000 
 528,  81.250 
 529,  100.000 
 529,  100.000 
 529,  93.750 
 529,  100.000 
 529,  93.750 
 529,  100.000 
 530,  100.000 
 530,  100.000 
 530,  93.750 
 530,  100.000 
 530,  93.750 
 530,  100.000 
 531,  93.750 
 531,  93.750 
 531,  93.750 
 531,  100.000 
 531,  93.750 
 531,  93.750 
 532,  100.000 
 532,  93.750 
 532,  93.750 
 532,  100.000 
 532,  100.000 
 532,  100.000 
 533,  100.000 
 533,  100.000 
 533,  100.000 
 533,  93.750 
 533,  100.000 
 533,  100.000 
 534,  100.000 
 534,  87.500 
 534,  100.000 
 534,  100.000 
 534,  100.000 
 534,  100.000 
 535,  87.500 
 535,  100.000 
 535,  100.000 
 535,  100.000 
 535,  93.750 
 535,  75.000 
 536,  100.000 
 536,  100.000 
 536,  87.500 
 536,  100.000 
 536,  100.000 
 536,  100.000 
 537,  100.000 
 537,  93.750 
 537,  100.000 
 537,  93.750 
 537,  100.000 
 537,  100.000 
 538,  100.000 
 538,  93.750 
 538,  100.000 
 538,  100.000 
 538,  100.000 
 538,  100.000 
 539,  100.000 
 539,  93.750 
 539,  100.000 
 539,  100.000 
 539,  100.000 
 539,  100.000 
 540,  100.000 
 540,  100.000 
 540,  93.750 
 540,  87.500 
 540,  100.000 
 540,  93.750 
 541,  100.000 
 541,  100.000 
 541,  93.750 
 541,  87.500 
 541,  100.000 
 541,  93.750 
 542,  100.000 
 542,  100.000 
 542,  100.000 
 542,  100.000 
 542,  87.500 
 542,  100.000 
 543,  100.000 
 543,  93.750 
 543,  100.000 
 543,  100.000 
 543,  100.000 
 543,  100.000 
 544,  81.250 
 544,  100.000 
 544,  93.750 
 544,  100.000 
 544,  100.000 
 544,  93.750 
 545,  100.000 
 545,  93.750 
 545,  100.000 
 545,  100.000 
 545,  100.000 
 545,  100.000 
 546,  93.750 
 546,  93.750 
 546,  100.000 
 546,  100.000 
 546,  100.000 
 546,  100.000 
 547,  93.750 
 547,  100.000 
 547,  100.000 
 547,  100.000 
 547,  100.000 
 547,  93.750 
 548,  93.750 
 548,  100.000 
 548,  100.000 
 548,  93.750 
 548,  87.500 
 548,  100.000 
 549,  93.750 
 549,  100.000 
 549,  100.000 
 549,  100.000 
 549,  100.000 
 549,  93.750 
 550,  87.500 
 550,  100.000 
 550,  93.750 
 550,  100.000 
 550,  100.000 
 550,  100.000 
 551,  100.000 
 551,  93.750 
 551,  100.000 
 551,  93.750 
 551,  93.750 
 551,  93.750 
 552,  93.750 
 552,  93.750 
 552,  93.750 
 552,  100.000 
 552,  93.750 
 552,  93.750 
 553,  93.750 
 553,  93.750 
 553,  100.000 
 553,  100.000 
 553,  100.000 
 553,  100.000 
 554,  87.500 
 554,  93.750 
 554,  100.000 
 554,  93.750 
 554,  87.500 
 554,  93.750 
 555,  100.000 
 555,  87.500 
 555,  100.000 
 555,  100.000 
 555,  93.750 
 555,  100.000 
 556,  100.000 
 556,  93.750 
 556,  100.000 
 556,  100.000 
 556,  100.000 
 556,  100.000 
 557,  100.000 
 557,  100.000 
 557,  93.750 
 557,  81.250 
 557,  100.000 
 557,  100.000 
 558,  87.500 
 558,  100.000 
 558,  100.000 
 558,  100.000 
 558,  93.750 
 558,  100.000 
 559,  100.000 
 559,  100.000 
 559,  93.750 
 559,  93.750 
 559,  100.000 
 559,  100.000 
 560,  87.500 
 560,  93.750 
 560,  87.500 
 560,  100.000 
 560,  100.000 
 560,  93.750 
 561,  100.000 
 561,  100.000 
 561,  93.750 
 561,  100.000 
 561,  100.000 
 561,  100.000 
 562,  93.750 
 562,  100.000 
 562,  93.750 
 562,  100.000 
 562,  93.750 
 562,  93.750 
 563,  93.750 
 563,  100.000 
 563,  100.000 
 563,  93.750 
 563,  100.000 
 563,  93.750 
 564,  100.000 
 564,  100.000 
 564,  100.000 
 564,  81.250 
 564,  93.750 
 564,  100.000 
 565,  100.000 
 565,  100.000 
 565,  100.000 
 565,  100.000 
 565,  93.750 
 565,  81.250 
 566,  100.000 
 566,  100.000 
 566,  100.000 
 566,  93.750 
 566,  93.750 
 566,  100.000 
 567,  100.000 
 567,  100.000 
 567,  100.000 
 567,  100.000 
 567,  100.000 
 567,  100.000 
 568,  93.750 
 568,  100.000 
 568,  100.000 
 568,  100.000 
 568,  100.000 
 568,  100.000 
 569,  93.750 
 569,  100.000 
 569,  100.000 
 569,  100.000 
 569,  100.000 
 569,  100.000 
 570,  100.000 
 570,  100.000 
 570,  93.750 
 570,  87.500 
 570,  100.000 
 570,  100.000 
 571,  100.000 
 571,  100.000 
 571,  100.000 
 571,  100.000 
 571,  93.750 
 571,  100.000 
 572,  93.750 
 572,  93.750 
 572,  100.000 
 572,  100.000 
 572,  100.000 
 572,  100.000 
 573,  93.750 
 573,  100.000 
 573,  100.000 
 573,  81.250 
 573,  100.000 
 573,  100.000 
 574,  87.500 
 574,  100.000 
 574,  100.000 
 574,  87.500 
 574,  100.000 
 574,  100.000 
 575,  81.250 
 575,  100.000 
 575,  93.750 
 575,  100.000 
 575,  100.000 
 575,  100.000 
 576,  93.750 
 576,  93.750 
 576,  100.000 
 576,  100.000 
 576,  100.000 
 576,  93.750 
 577,  100.000 
 577,  100.000 
 577,  100.000 
 577,  100.000 
 577,  93.750 
 577,  93.750 
 578,  100.000 
 578,  100.000 
 578,  100.000 
 578,  100.000 
 578,  93.750 
 578,  100.000 
 579,  100.000 
 579,  100.000 
 579,  100.000 
 579,  100.000 
 579,  100.000 
 579,  100.000 
 580,  100.000 
 580,  100.000 
 580,  100.000 
 580,  100.000 
 580,  100.000 
 580,  100.000 
 581,  100.000 
 581,  100.000 
 581,  100.000 
 581,  100.000 
 581,  93.750 
 581,  100.000 
 582,  100.000 
 582,  100.000 
 582,  100.000 
 582,  100.000 
 582,  100.000 
 582,  100.000 
 583,  87.500 
 583,  93.750 
 583,  93.750 
 583,  100.000 
 583,  100.000 
 583,  100.000 
 584,  100.000 
 584,  100.000 
 584,  87.500 
 584,  87.500 
 584,  93.750 
 584,  100.000 
 585,  100.000 
 585,  93.750 
 585,  93.750 
 585,  100.000 
 585,  93.750 
 585,  100.000 
 586,  93.750 
 586,  100.000 
 586,  100.000 
 586,  100.000 
 586,  93.750 
 586,  100.000 
 587,  93.750 
 587,  93.750 
 587,  93.750 
 587,  100.000 
 587,  100.000 
 587,  100.000 
 588,  93.750 
 588,  100.000 
 588,  100.000 
 588,  100.000 
 588,  100.000 
 588,  93.750 
 589,  100.000 
 589,  93.750 
 589,  93.750 
 589,  100.000 
 589,  100.000 
 589,  100.000 
 590,  100.000 
 590,  100.000 
 590,  100.000 
 590,  100.000 
 590,  87.500 
 590,  100.000 
 591,  100.000 
 591,  100.000 
 591,  93.750 
 591,  100.000 
 591,  100.000 
 591,  100.000 
 592,  93.750 
 592,  93.750 
 592,  93.750 
 592,  93.750 
 592,  93.750 
 592,  100.000 
 593,  100.000 
 593,  100.000 
 593,  87.500 
 593,  100.000 
 593,  100.000 
 593,  100.000 
 594,  100.000 
 594,  100.000 
 594,  93.750 
 594,  93.750 
 594,  100.000 
 594,  87.500 
 595,  100.000 
 595,  100.000 
 595,  100.000 
 595,  100.000 
 595,  93.750 
 595,  93.750 
 596,  87.500 
 596,  100.000 
 596,  100.000 
 596,  100.000 
 596,  100.000 
 596,  93.750 
 597,  81.250 
 597,  100.000 
 597,  100.000 
 597,  100.000 
 597,  100.000 
 597,  93.750 
 598,  100.000 
 598,  81.250 
 598,  100.000 
 598,  75.000 
 598,  93.750 
 598,  100.000 
 599,  100.000 
 599,  100.000 
 599,  81.250 
 599,  93.750 
 599,  100.000 
 599,  100.000 
 600,  100.000 
 600,  100.000 
 600,  93.750 
 600,  100.000 
 600,  93.750 
 600,  93.750 
 601,  100.000 
 601,  93.750 
 601,  93.750 
 601,  100.000 
 601,  93.750 
 601,  87.500 
 602,  93.750 
 602,  93.750 
 602,  100.000 
 602,  93.750 
 602,  100.000 
 602,  100.000 
 603,  93.750 
 603,  100.000 
 603,  93.750 
 603,  100.000 
 603,  100.000 
 603,  100.000 
 604,  100.000 
 604,  100.000 
 604,  100.000 
 604,  87.500 
 604,  93.750 
 604,  100.000 
 605,  100.000 
 605,  93.750 
 605,  100.000 
 605,  100.000 
 605,  100.000 
 605,  100.000 
 606,  93.750 
 606,  100.000 
 606,  93.750 
 606,  100.000 
 606,  93.750 
 606,  93.750 
 607,  100.000 
 607,  93.750 
 607,  93.750 
 607,  100.000 
 607,  100.000 
 607,  100.000 
 608,  100.000 
 608,  100.000 
 608,  87.500 
 608,  93.750 
 608,  100.000 
 608,  100.000 
 609,  100.000 
 609,  100.000 
 609,  100.000 
 609,  81.250 
 609,  93.750 
 609,  100.000 
 610,  100.000 
 610,  100.000 
 610,  100.000 
 610,  100.000 
 610,  100.000 
 610,  93.750 
 611,  87.500 
 611,  100.000 
 611,  87.500 
 611,  100.000 
 611,  93.750 
 611,  93.750 
 612,  93.750 
 612,  93.750 
 612,  93.750 
 612,  100.000 
 612,  93.750 
 612,  93.750 
 613,  93.750 
 613,  100.000 
 613,  100.000 
 613,  100.000 
 613,  100.000 
 613,  100.000 
 614,  100.000 
 614,  100.000 
 614,  100.000 
 614,  100.000 
 614,  100.000 
 614,  100.000 
 615,  100.000 
 615,  93.750 
 615,  93.750 
 615,  100.000 
 615,  100.000 
 615,  100.000 
 616,  100.000 
 616,  100.000 
 616,  100.000 
 616,  100.000 
 616,  100.000 
 616,  87.500 
 617,  87.500 
 617,  100.000 
 617,  93.750 
 617,  100.000 
 617,  93.750 
 617,  93.750 
 618,  87.500 
 618,  100.000 
 618,  100.000 
 618,  100.000 
 618,  93.750 
 618,  87.500 
 619,  100.000 
 619,  93.750 
 619,  100.000 
 619,  100.000 
 619,  100.000 
 619,  81.250 
 620,  100.000 
 620,  100.000 
 620,  100.000 
 620,  100.000 
 620,  100.000 
 620,  100.000 
 621,  100.000 
 621,  100.000 
 621,  93.750 
 621,  100.000 
 621,  100.000 
 621,  100.000 
 622,  87.500 
 622,  100.000 
 622,  100.000 
 622,  100.000 
 622,  93.750 
 622,  100.000 
 623,  93.750 
 623,  93.750 
 623,  100.000 
 623,  100.000 
 623,  100.000 
 623,  100.000 
 624,  87.500 
 624,  100.000 
 624,  100.000 
 624,  93.750 
 624,  100.000 
 624,  100.000 
 625,  100.000 
 625,  93.750 
 625,  100.000 
 625,  93.750 
 625,  100.000 
 625,  100.000 
 626,  100.000 
 626,  100.000 
 626,  93.750 
 626,  100.000 
 626,  93.750 
 626,  100.000 
 627,  100.000 
 627,  100.000 
 627,  100.000 
 627,  81.250 
 627,  100.000 
 627,  87.500 
 628,  93.750 
 628,  100.000 
 628,  87.500 
 628,  100.000 
 628,  93.750 
 628,  81.250 
 629,  100.000 
 629,  100.000 
 629,  100.000 
 629,  100.000 
 629,  93.750 
 629,  93.750 
 630,  100.000 
 630,  100.000 
 630,  100.000 
 630,  100.000 
 630,  100.000 
 630,  100.000 
 631,  100.000 
 631,  93.750 
 631,  93.750 
 631,  93.750 
 631,  100.000 
 631,  100.000 
 632,  100.000 
 632,  100.000 
 632,  100.000 
 632,  93.750 
 632,  100.000 
 632,  100.000 
 633,  93.750 
 633,  100.000 
 633,  100.000 
 633,  100.000 
 633,  93.750 
 633,  100.000 
 634,  100.000 
 634,  100.000 
 634,  100.000 
 634,  100.000 
 634,  93.750 
 634,  100.000 
 635,  100.000 
 635,  93.750 
 635,  100.000 
 635,  100.000 
 635,  100.000 
 635,  100.000 
 636,  100.000 
 636,  100.000 
 636,  93.750 
 636,  100.000 
 636,  100.000 
 636,  100.000 
 637,  93.750 
 637,  93.750 
 637,  100.000 
 637,  87.500 
 637,  100.000 
 637,  100.000 
 638,  100.000 
 638,  100.000 
 638,  100.000 
 638,  100.000 
 638,  93.750 
 638,  87.500 
 639,  100.000 
 639,  100.000 
 639,  100.000 
 639,  100.000 
 639,  100.000 
 639,  100.000 
 640,  93.750 
 640,  100.000 
 640,  100.000 
 640,  100.000 
 640,  100.000 
 640,  100.000 
 641,  100.000 
 641,  100.000 
 641,  93.750 
 641,  93.750 
 641,  100.000 
 641,  100.000 
 642,  100.000 
 642,  100.000 
 642,  100.000 
 642,  93.750 
 642,  100.000 
 642,  93.750 
 643,  100.000 
 643,  100.000 
 643,  93.750 
 643,  100.000 
 643,  100.000 
 643,  100.000 
 644,  100.000 
 644,  93.750 
 644,  81.250 
 644,  100.000 
 644,  100.000 
 644,  100.000 
 645,  100.000 
 645,  100.000 
 645,  100.000 
 645,  93.750 
 645,  100.000 
 645,  100.000 
 646,  100.000 
 646,  93.750 
 646,  100.000 
 646,  100.000 
 646,  93.750 
 646,  93.750 
 647,  93.750 
 647,  100.000 
 647,  93.750 
 647,  100.000 
 647,  93.750 
 647,  100.000 
 648,  100.000 
 648,  100.000 
 648,  100.000 
 648,  100.000 
 648,  100.000 
 648,  100.000 
 649,  100.000 
 649,  100.000 
 649,  100.000 
 649,  93.750 
 649,  93.750 
 649,  100.000 
 650,  93.750 
 650,  93.750 
 650,  100.000 
 650,  100.000 
 650,  100.000 
 650,  100.000 
 651,  93.750 
 651,  100.000 
 651,  100.000 
 651,  93.750 
 651,  100.000 
 651,  100.000 
 652,  93.750 
 652,  100.000 
 652,  100.000 
 652,  93.750 
 652,  93.750 
 652,  93.750 
 653,  93.750 
 653,  100.000 
 653,  93.750 
 653,  100.000 
 653,  100.000 
 653,  93.750 
 654,  75.000 
 654,  87.500 
 654,  100.000 
 654,  100.000 
 654,  100.000 
 654,  100.000 
 655,  93.750 
 655,  100.000 
 655,  100.000 
 655,  100.000 
 655,  87.500 
 655,  100.000 
 656,  100.000 
 656,  100.000 
 656,  100.000 
 656,  100.000 
 656,  100.000 
 656,  100.000 
 657,  100.000 
 657,  100.000 
 657,  100.000 
 657,  93.750 
 657,  100.000 
 657,  100.000 
 658,  93.750 
 658,  100.000 
 658,  100.000 
 658,  100.000 
 658,  100.000 
 658,  100.000 
 659,  100.000 
 659,  100.000 
 659,  100.000 
 659,  100.000 
 659,  100.000 
 659,  100.000 
 660,  100.000 
 660,  100.000 
 660,  93.750 
 660,  100.000 
 660,  100.000 
 660,  93.750 
 661,  100.000 
 661,  100.000 
 661,  100.000 
 661,  93.750 
 661,  100.000 
 661,  100.000 
 662,  100.000 
 662,  93.750 
 662,  87.500 
 662,  93.750 
 662,  100.000 
 662,  100.000 
 663,  81.250 
 663,  93.750 
 663,  100.000 
 663,  100.000 
 663,  93.750 
 663,  93.750 
 664,  100.000 
 664,  100.000 
 664,  100.000 
 664,  87.500 
 664,  100.000 
 664,  100.000 
 665,  100.000 
 665,  93.750 
 665,  100.000 
 665,  100.000 
 665,  100.000 
 665,  87.500 
 666,  100.000 
 666,  100.000 
 666,  93.750 
 666,  100.000 
 666,  93.750 
 666,  100.000 
 667,  100.000 
 667,  100.000 
 667,  93.750 
 667,  100.000 
 667,  100.000 
 667,  93.750 
 668,  93.750 
 668,  100.000 
 668,  100.000 
 668,  100.000 
 668,  100.000 
 668,  100.000 
 669,  100.000 
 669,  87.500 
 669,  100.000 
 669,  93.750 
 669,  93.750 
 669,  100.000 
 670,  100.000 
 670,  100.000 
 670,  100.000 
 670,  93.750 
 670,  100.000 
 670,  100.000 
 671,  93.750 
 671,  93.750 
 671,  100.000 
 671,  87.500 
 671,  93.750 
 671,  100.000 
 672,  100.000 
 672,  100.000 
 672,  100.000 
 672,  100.000 
 672,  100.000 
 672,  100.000 
 673,  100.000 
 673,  100.000 
 673,  93.750 
 673,  100.000 
 673,  100.000 
 673,  93.750 
 674,  100.000 
 674,  100.000 
 674,  100.000 
 674,  100.000 
 674,  100.000 
 674,  100.000 
 675,  87.500 
 675,  100.000 
 675,  93.750 
 675,  100.000 
 675,  100.000 
 675,  100.000 
 676,  100.000 
 676,  100.000 
 676,  81.250 
 676,  87.500 
 676,  100.000 
 676,  100.000 
 677,  93.750 
 677,  100.000 
 677,  100.000 
 677,  100.000 
 677,  100.000 
 677,  100.000 
 678,  100.000 
 678,  93.750 
 678,  100.000 
 678,  87.500 
 678,  100.000 
 678,  100.000 
 679,  100.000 
 679,  100.000 
 679,  81.250 
 679,  100.000 
 679,  100.000 
 679,  93.750 
 680,  100.000 
 680,  100.000 
 680,  100.000 
 680,  93.750 
 680,  100.000 
 680,  100.000 
 681,  100.000 
 681,  93.750 
 681,  100.000 
 681,  93.750 
 681,  100.000 
 681,  93.750 
 682,  100.000 
 682,  100.000 
 682,  93.750 
 682,  87.500 
 682,  100.000 
 682,  100.000 
 683,  100.000 
 683,  93.750 
 683,  93.750 
 683,  100.000 
 683,  93.750 
 683,  100.000 
 684,  100.000 
 684,  100.000 
 684,  100.000 
 684,  100.000 
 684,  93.750 
 684,  93.750 
 685,  100.000 
 685,  100.000 
 685,  93.750 
 685,  100.000 
 685,  93.750 
 685,  93.750 
 686,  100.000 
 686,  100.000 
 686,  100.000 
 686,  100.000 
 686,  93.750 
 686,  93.750 
 687,  93.750 
 687,  100.000 
 687,  100.000 
 687,  87.500 
 687,  100.000 
 687,  100.000 
 688,  100.000 
 688,  100.000 
 688,  100.000 
 688,  100.000 
 688,  93.750 
 688,  93.750 
 689,  93.750 
 689,  100.000 
 689,  100.000 
 689,  93.750 
 689,  93.750 
 689,  100.000 
 690,  100.000 
 690,  100.000 
 690,  93.750 
 690,  93.750 
 690,  100.000 
 690,  87.500 
 691,  100.000 
 691,  100.000 
 691,  100.000 
 691,  100.000 
 691,  100.000 
 691,  87.500 
 692,  93.750 
 692,  93.750 
 692,  87.500 
 692,  100.000 
 692,  100.000 
 692,  100.000 
 693,  100.000 
 693,  100.000 
 693,  100.000 
 693,  100.000 
 693,  100.000 
 693,  100.000 
 694,  93.750 
 694,  100.000 
 694,  100.000 
 694,  100.000 
 694,  100.000 
 694,  100.000 
 695,  93.750 
 695,  93.750 
 695,  100.000 
 695,  100.000 
 695,  93.750 
 695,  100.000 
 696,  100.000 
 696,  100.000 
 696,  93.750 
 696,  100.000 
 696,  93.750 
 696,  100.000 
 697,  100.000 
 697,  100.000 
 697,  100.000 
 697,  87.500 
 697,  100.000 
 697,  100.000 
 698,  93.750 
 698,  100.000 
 698,  100.000 
 698,  93.750 
 698,  100.000 
 698,  100.000 
 699,  100.000 
 699,  100.000 
 699,  100.000 
 699,  100.000 
 699,  100.000 
 699,  100.000 
 700,  81.250 
 700,  100.000 
 700,  100.000 
 700,  100.000 
 700,  100.000 
 700,  100.000 
 701,  93.750 
 701,  100.000 
 701,  100.000 
 701,  100.000 
 701,  100.000 
 701,  100.000 
 702,  100.000 
 702,  93.750 
 702,  100.000 
 702,  100.000 
 702,  100.000 
 702,  93.750 
 703,  100.000 
 703,  93.750 
 703,  93.750 
 703,  100.000 
 703,  100.000 
 703,  100.000 
 704,  100.000 
 704,  100.000 
 704,  100.000 
 704,  100.000 
 704,  100.000 
 704,  100.000 
 705,  100.000 
 705,  87.500 
 705,  100.000 
 705,  87.500 
 705,  100.000 
 705,  100.000 
 706,  100.000 
 706,  93.750 
 706,  100.000 
 706,  100.000 
 706,  93.750 
 706,  100.000 
 707,  100.000 
 707,  100.000 
 707,  93.750 
 707,  93.750 
 707,  100.000 
 707,  100.000 
 708,  100.000 
 708,  100.000 
 708,  93.750 
 708,  100.000 
 708,  100.000 
 708,  100.000 
 709,  100.000 
 709,  100.000 
 709,  100.000 
 709,  100.000 
 709,  100.000 
 709,  100.000 
 710,  93.750 
 710,  100.000 
 710,  100.000 
 710,  100.000 
 710,  100.000 
 710,  100.000 
 711,  100.000 
 711,  93.750 
 711,  93.750 
 711,  93.750 
 711,  100.000 
 711,  87.500 
 712,  100.000 
 712,  87.500 
 712,  100.000 
 712,  100.000 
 712,  93.750 
 712,  100.000 
 713,  100.000 
 713,  100.000 
 713,  93.750 
 713,  100.000 
 713,  100.000 
 713,  100.000 
 714,  93.750 
 714,  100.000 
 714,  100.000 
 714,  100.000 
 714,  100.000 
 714,  100.000 
 715,  93.750 
 715,  100.000 
 715,  81.250 
 715,  100.000 
 715,  100.000 
 715,  100.000 
 716,  100.000 
 716,  100.000 
 716,  93.750 
 716,  93.750 
 716,  100.000 
 716,  93.750 
 717,  100.000 
 717,  100.000 
 717,  100.000 
 717,  100.000 
 717,  100.000 
 717,  93.750 
 718,  93.750 
 718,  100.000 
 718,  87.500 
 718,  100.000 
 718,  100.000 
 718,  100.000 
 719,  100.000 
 719,  87.500 
 719,  100.000 
 719,  100.000 
 719,  100.000 
 719,  100.000 
 720,  100.000 
 720,  100.000 
 720,  100.000 
 720,  100.000 
 720,  100.000 
 720,  75.000 
 721,  87.500 
 721,  100.000 
 721,  100.000 
 721,  100.000 
 721,  93.750 
 721,  93.750 
 722,  100.000 
 722,  100.000 
 722,  100.000 
 722,  100.000 
 722,  100.000 
 722,  93.750 
 723,  93.750 
 723,  100.000 
 723,  100.000 
 723,  100.000 
 723,  100.000 
 723,  100.000 
 724,  100.000 
 724,  100.000 
 724,  93.750 
 724,  100.000 
 724,  93.750 
 724,  100.000 
 725,  100.000 
 725,  100.000 
 725,  100.000 
 725,  100.000 
 725,  100.000 
 725,  100.000 
 726,  100.000 
 726,  100.000 
 726,  93.750 
 726,  100.000 
 726,  100.000 
 726,  93.750 
 727,  100.000 
 727,  93.750 
 727,  93.750 
 727,  100.000 
 727,  100.000 
 727,  100.000 
 728,  100.000 
 728,  93.750 
 728,  100.000 
 728,  100.000 
 728,  100.000 
 728,  100.000 
 729,  100.000 
 729,  93.750 
 729,  100.000 
 729,  100.000 
 729,  100.000 
 729,  100.000 
 730,  100.000 
 730,  100.000 
 730,  100.000 
 730,  93.750 
 730,  100.000 
 730,  100.000 
 731,  100.000 
 731,  100.000 
 731,  93.750 
 731,  100.000 
 731,  100.000 
 731,  100.000 
 732,  93.750 
 732,  100.000 
 732,  100.000 
 732,  100.000 
 732,  100.000 
 732,  93.750 
 733,  100.000 
 733,  100.000 
 733,  100.000 
 733,  100.000 
 733,  100.000 
 733,  100.000 
 734,  87.500 
 734,  100.000 
 734,  93.750 
 734,  93.750 
 734,  81.250 
 734,  93.750 
 735,  93.750 
 735,  100.000 
 735,  100.000 
 735,  87.500 
 735,  100.000 
 735,  100.000 
 736,  87.500 
 736,  100.000 
 736,  87.500 
 736,  100.000 
 736,  93.750 
 736,  93.750 
 737,  100.000 
 737,  100.000 
 737,  87.500 
 737,  100.000 
 737,  100.000 
 737,  100.000 
 738,  100.000 
 738,  100.000 
 738,  93.750 
 738,  100.000 
 738,  100.000 
 738,  100.000 
 739,  100.000 
 739,  100.000 
 739,  100.000 
 739,  100.000 
 739,  100.000 
 739,  100.000 
 740,  100.000 
 740,  100.000 
 740,  100.000 
 740,  100.000 
 740,  93.750 
 740,  81.250 
 741,  100.000 
 741,  100.000 
 741,  93.750 
 741,  93.750 
 741,  100.000 
 741,  87.500 
 742,  100.000 
 742,  100.000 
 742,  100.000 
 742,  93.750 
 742,  100.000 
 742,  100.000 
 743,  93.750 
 743,  81.250 
 743,  93.750 
 743,  93.750 
 743,  100.000 
 743,  100.000 
 744,  100.000 
 744,  100.000 
 744,  100.000 
 744,  100.000 
 744,  93.750 
 744,  93.750 
 745,  93.750 
 745,  100.000 
 745,  93.750 
 745,  93.750 
 745,  87.500 
 745,  93.750 
 746,  93.750 
 746,  93.750 
 746,  100.000 
 746,  93.750 
 746,  100.000 
 746,  100.000 
 747,  100.000 
 747,  100.000 
 747,  100.000 
 747,  93.750 
 747,  93.750 
 747,  100.000 
 748,  100.000 
 748,  100.000 
 748,  100.000 
 748,  100.000 
 748,  100.000 
 748,  100.000 
 749,  100.000 
 749,  100.000 
 749,  93.750 
 749,  93.750 
 749,  100.000 
 749,  100.000 
 750,  87.500 
 750,  100.000 
 750,  100.000 
 750,  100.000 
 750,  100.000 
 750,  93.750 
 751,  100.000 
 751,  100.000 
 751,  93.750 
 751,  100.000 
 751,  100.000 
 751,  93.750 
 752,  100.000 
 752,  100.000 
 752,  100.000 
 752,  100.000 
 752,  93.750 
 752,  100.000 
 753,  100.000 
 753,  93.750 
 753,  100.000 
 753,  100.000 
 753,  100.000 
 753,  100.000 
 754,  87.500 
 754,  93.750 
 754,  100.000 
 754,  100.000 
 754,  93.750 
 754,  100.000 
 755,  100.000 
 755,  100.000 
 755,  100.000 
 755,  100.000 
 755,  100.000 
 755,  100.000 
 756,  87.500 
 756,  100.000 
 756,  100.000 
 756,  100.000 
 756,  100.000 
 756,  100.000 
 757,  100.000 
 757,  93.750 
 757,  100.000 
 757,  100.000 
 757,  100.000 
 757,  93.750 
 758,  100.000 
 758,  100.000 
 758,  100.000 
 758,  93.750 
 758,  100.000 
 758,  87.500 
 759,  100.000 
 759,  93.750 
 759,  100.000 
 759,  93.750 
 759,  93.750 
 759,  93.750 
 760,  100.000 
 760,  100.000 
 760,  100.000 
 760,  100.000 
 760,  100.000 
 760,  87.500 
 761,  100.000 
 761,  100.000 
 761,  100.000 
 761,  100.000 
 761,  100.000 
 761,  87.500 
 762,  100.000 
 762,  100.000 
 762,  100.000 
 762,  93.750 
 762,  100.000 
 762,  100.000 
 763,  93.750 
 763,  93.750 
 763,  100.000 
 763,  93.750 
 763,  100.000 
 763,  100.000 
 764,  100.000 
 764,  100.000 
 764,  100.000 
 764,  100.000 
 764,  100.000 
 764,  93.750 
 765,  93.750 
 765,  100.000 
 765,  100.000 
 765,  100.000 
 765,  100.000 
 765,  93.750 
 766,  87.500 
 766,  100.000 
 766,  100.000 
 766,  100.000 
 766,  93.750 
 766,  100.000 
 767,  100.000 
 767,  93.750 
 767,  100.000 
 767,  100.000 
 767,  100.000 
 767,  93.750 
 768,  100.000 
 768,  100.000 
 768,  100.000 
 768,  100.000 
 768,  100.000 
 768,  100.000 
 769,  100.000 
 769,  100.000 
 769,  100.000 
 769,  100.000 
 769,  100.000 
 769,  100.000 
 770,  100.000 
 770,  87.500 
 770,  93.750 
 770,  100.000 
 770,  100.000 
 770,  100.000 
 771,  93.750 
 771,  93.750 
 771,  100.000 
 771,  100.000 
 771,  93.750 
 771,  100.000 
 772,  100.000 
 772,  100.000 
 772,  100.000 
 772,  100.000 
 772,  100.000 
 772,  81.250 
 773,  100.000 
 773,  87.500 
 773,  100.000 
 773,  100.000 
 773,  100.000 
 773,  100.000 
 774,  93.750 
 774,  100.000 
 774,  100.000 
 774,  100.000 
 774,  100.000 
 774,  100.000 
 775,  100.000 
 775,  93.750 
 775,  100.000 
 775,  100.000 
 775,  100.000 
 775,  100.000 
 776,  100.000 
 776,  87.500 
 776,  93.750 
 776,  100.000 
 776,  100.000 
 776,  100.000 
 777,  100.000 
 777,  100.000 
 777,  93.750 
 777,  100.000 
 777,  100.000 
 777,  100.000 
 778,  100.000 
 778,  100.000 
 778,  100.000 
 778,  100.000 
 778,  100.000 
 778,  100.000 
 779,  100.000 
 779,  93.750 
 779,  93.750 
 779,  87.500 
 779,  100.000 
 779,  100.000 
 780,  93.750 
 780,  100.000 
 780,  100.000 
 780,  100.000 
 780,  100.000 
 780,  100.000 
 781,  100.000 
 781,  93.750 
 781,  100.000 
 781,  93.750 
 781,  100.000 
 781,  93.750 
 782,  100.000 
 782,  100.000 
 782,  100.000 
 782,  100.000 
 782,  87.500 
 782,  100.000 
 783,  100.000 
 783,  100.000 
 783,  100.000 
 783,  100.000 
 783,  100.000 
 783,  100.000 
 784,  100.000 
 784,  93.750 
 784,  93.750 
 784,  100.000 
 784,  100.000 
 784,  100.000 
 785,  100.000 
 785,  100.000 
 785,  100.000 
 785,  100.000 
 785,  100.000 
 785,  100.000 
 786,  100.000 
 786,  100.000 
 786,  100.000 
 786,  93.750 
 786,  100.000 
 786,  100.000 
 787,  100.000 
 787,  100.000 
 787,  100.000 
 787,  100.000 
 787,  93.750 
 787,  93.750 
 788,  100.000 
 788,  93.750 
 788,  100.000 
 788,  100.000 
 788,  93.750 
 788,  100.000 
 789,  93.750 
 789,  100.000 
 789,  100.000 
 789,  100.000 
 789,  100.000 
 789,  100.000 
 790,  100.000 
 790,  100.000 
 790,  100.000 
 790,  100.000 
 790,  100.000 
 790,  100.000 
 791,  100.000 
 791,  100.000 
 791,  100.000 
 791,  100.000 
 791,  87.500 
 791,  93.750 
 792,  100.000 
 792,  100.000 
 792,  100.000 
 792,  100.000 
 792,  100.000 
 792,  100.000 
 793,  100.000 
 793,  100.000 
 793,  100.000 
 793,  100.000 
 793,  100.000 
 793,  100.000 
 794,  100.000 
 794,  87.500 
 794,  100.000 
 794,  100.000 
 794,  100.000 
 794,  100.000 
 795,  100.000 
 795,  100.000 
 795,  100.000 
 795,  100.000 
 795,  93.750 
 795,  100.000 
 796,  100.000 
 796,  93.750 
 796,  100.000 
 796,  100.000 
 796,  100.000 
 796,  93.750 
 797,  93.750 
 797,  100.000 
 797,  100.000 
 797,  100.000 
 797,  93.750 
 797,  100.000 
 798,  100.000 
 798,  93.750 
 798,  100.000 
 798,  93.750 
 798,  100.000 
 798,  100.000 
 799,  100.000 
 799,  100.000 
 799,  100.000 
 799,  93.750 
 799,  100.000 
 799,  100.000 
